--------------------------------------------------------------------------------------------------------------------------------------------------------------------------------------------------------
      name:  <unnamed>
       log:  /Users/mwatson/Dropbox/TB/4E/ReplicationMaterials/Ch6/ch6_caschools.log
  log type:  text
 opened on:  25 Oct 2017, 10:22:13

. ***********************************;
. * Read In Data;
.  use /Users/mwatson/Dropbox/TB/4E/replicationmaterials/finaldata/caschool.dta;

. *;
. *;
. * Decription of Data;
. * dist_code -- district Code;
. * Read_scr  -- avg Reading Score;
. * Math_scr  -- avg Math Score;
. * County   --  county;
. * District -- District;
. * gr_span -- grade span of district;
. * enrl_tot -- total enrollment;
. * teachers -- number of teachers;
. * computer -- number of computers;
. * testscr -- avg test score (= (read_scr+math_scr)/2 );
. * comp_stu -- computers per student ( = computer/enrl_tot);
. * expn_stu -- expentitures per student;
. * str -- student teacher ration (teachers/enrl_tot);
. * el_pct -- percent of English Learners;
. * Meal_pct -- Percent qualifying for reduced-price lunch;
. * calw_pct -- Percent qualifying for CalWorks;
. * avginc -- district average income (in $1000's);
. **************************************************************;
. ***** Table 6.1 ******
> **************************************************************;
. gen str_20 = (str<20);

. gen ts_lostr = testscr if str_20==1;
(182 missing values generated)

. gen ts_histr = testscr if str_20==0;
(238 missing values generated)

. gen elq1 = (el_pct<1.9);

. gen elq2 = (el_pct>=1.9)*(el_pct<8.8);

. gen elq3 = (el_pct>=8.8)*(el_pct<23.0);

. gen elq4 = (el_pct>=23.0);

. ttest ts_lostr=ts_histr, unp une;

Two-sample t test with unequal variances
------------------------------------------------------------------------------
Variable |     Obs        Mean    Std. Err.   Std. Dev.   [95% Conf. Interval]
---------+--------------------------------------------------------------------
ts_lostr |     238    657.3513    1.254794    19.35801    654.8793    659.8232
ts_histr |     182    649.9788    1.323379    17.85336    647.3676    652.5901
---------+--------------------------------------------------------------------
combined |     420    654.1565    .9297082    19.05335    652.3291     655.984
---------+--------------------------------------------------------------------
    diff |             7.37241    1.823689                3.787296    10.95752
------------------------------------------------------------------------------
    diff = mean(ts_lostr) - mean(ts_histr)                        t =   4.0426
Ho: diff = 0                     Satterthwaite's degrees of freedom =  403.607

    Ha: diff < 0                 Ha: diff != 0                 Ha: diff > 0
 Pr(T < t) = 1.0000         Pr(|T| > |t|) = 0.0001          Pr(T > t) = 0.0000

. ttest ts_lostr=ts_histr if elq1==1, unp une;

Two-sample t test with unequal variances
------------------------------------------------------------------------------
Variable |     Obs        Mean    Std. Err.   Std. Dev.   [95% Conf. Interval]
---------+--------------------------------------------------------------------
ts_lostr |      76    664.4704    1.818224    15.85091    660.8483    668.0925
ts_histr |      27    665.3704    2.337997    12.14859    660.5646    670.1762
---------+--------------------------------------------------------------------
combined |     103    664.7063    1.469833    14.91718    661.7909    667.6217
---------+--------------------------------------------------------------------
    diff |           -.8999864    2.961785               -6.825619    5.025646
------------------------------------------------------------------------------
    diff = mean(ts_lostr) - mean(ts_histr)                        t =  -0.3039
Ho: diff = 0                     Satterthwaite's degrees of freedom =  59.4242

    Ha: diff < 0                 Ha: diff != 0                 Ha: diff > 0
 Pr(T < t) = 0.3811         Pr(|T| > |t|) = 0.7623          Pr(T > t) = 0.6189

. ttest ts_lostr=ts_histr if elq2==1, unp une;

Two-sample t test with unequal variances
------------------------------------------------------------------------------
Variable |     Obs        Mean    Std. Err.   Std. Dev.   [95% Conf. Interval]
---------+--------------------------------------------------------------------
ts_lostr |      64     665.157    2.324609    18.59687    660.5117    669.8024
ts_histr |      44    661.8284    1.770108    11.74157    658.2586    665.3982
---------+--------------------------------------------------------------------
combined |     108    663.8009    1.556739     16.1781    660.7149     666.887
---------+--------------------------------------------------------------------
    diff |            3.328624     2.92183               -2.464602     9.12185
------------------------------------------------------------------------------
    diff = mean(ts_lostr) - mean(ts_histr)                        t =   1.1392
Ho: diff = 0                     Satterthwaite's degrees of freedom =  105.348

    Ha: diff < 0                 Ha: diff != 0                 Ha: diff > 0
 Pr(T < t) = 0.8714         Pr(|T| > |t|) = 0.2572          Pr(T > t) = 0.1286

. ttest ts_lostr=ts_histr if elq3==1, unp une;

Two-sample t test with unequal variances
------------------------------------------------------------------------------
Variable |     Obs        Mean    Std. Err.   Std. Dev.   [95% Conf. Interval]
---------+--------------------------------------------------------------------
ts_lostr |      54    654.8824    1.981989    14.56458     650.907    658.8578
ts_histr |      50     649.713    2.257449    15.96258    645.1765    654.2495
---------+--------------------------------------------------------------------
combined |     104    652.3971    1.509921    15.39824    649.4025    655.3917
---------+--------------------------------------------------------------------
    diff |            5.169399    3.004057               -.7911705    11.12997
------------------------------------------------------------------------------
    diff = mean(ts_lostr) - mean(ts_histr)                        t =   1.7208
Ho: diff = 0                     Satterthwaite's degrees of freedom =  99.1758

    Ha: diff < 0                 Ha: diff != 0                 Ha: diff > 0
 Pr(T < t) = 0.9558         Pr(|T| > |t|) = 0.0884          Pr(T > t) = 0.0442

. ttest ts_lostr=ts_histr if elq4==1, unp une;

Two-sample t test with unequal variances
------------------------------------------------------------------------------
Variable |     Obs        Mean    Std. Err.   Std. Dev.   [95% Conf. Interval]
---------+--------------------------------------------------------------------
ts_lostr |      44    636.7307    2.315868    15.36173    632.0603    641.4011
ts_histr |      61    634.8369    1.557426    12.16388    631.7216    637.9522
---------+--------------------------------------------------------------------
combined |     105    635.6305    1.323102    13.55776    633.0067    638.2542
---------+--------------------------------------------------------------------
    diff |            1.893798    2.790845               -3.661136    7.448733
------------------------------------------------------------------------------
    diff = mean(ts_lostr) - mean(ts_histr)                        t =   0.6786
Ho: diff = 0                     Satterthwaite's degrees of freedom =  79.0952

    Ha: diff < 0                 Ha: diff != 0                 Ha: diff > 0
 Pr(T < t) = 0.7503         Pr(|T| > |t|) = 0.4994          Pr(T > t) = 0.2497

. **************************************************************;
. ***** Eq 6.11 ******
> **************************************************************;
. reg testscr str, r;

Linear regression                                      Number of obs =     420
                                                       F(  1,   418) =   19.26
                                                       Prob > F      =  0.0000
                                                       R-squared     =  0.0512
                                                       Root MSE      =  18.581

------------------------------------------------------------------------------
             |               Robust
     testscr |      Coef.   Std. Err.      t    P>|t|     [95% Conf. Interval]
-------------+----------------------------------------------------------------
         str |  -2.279808   .5194892    -4.39   0.000    -3.300945   -1.258671
       _cons |    698.933   10.36436    67.44   0.000     678.5602    719.3057
------------------------------------------------------------------------------

. **************************************************************;
. ***** Eq 6.12 ******
> **************************************************************;
. reg testscr str el_pct, r;

Linear regression                                      Number of obs =     420
                                                       F(  2,   417) =  223.82
                                                       Prob > F      =  0.0000
                                                       R-squared     =  0.4264
                                                       Root MSE      =  14.464

------------------------------------------------------------------------------
             |               Robust
     testscr |      Coef.   Std. Err.      t    P>|t|     [95% Conf. Interval]
-------------+----------------------------------------------------------------
         str |  -1.101296   .4328472    -2.54   0.011     -1.95213   -.2504616
      el_pct |  -.6497768   .0310318   -20.94   0.000     -.710775   -.5887786
       _cons |   686.0322   8.728224    78.60   0.000     668.8754     703.189
------------------------------------------------------------------------------

. **************************************************************;
. log close;
      name:  <unnamed>
       log:  /Users/mwatson/Dropbox/TB/4E/ReplicationMaterials/Ch6/ch6_caschools.log
  log type:  text
 closed on:  25 Oct 2017, 10:22:13
--------------------------------------------------------------------------------------------------------------------------------------------------------------------------------------------------------
