--------------------------------------------------------------------------------------------------------------------------------------------------------------------------------------------------------
      name:  <unnamed>
       log:  /Users/mwatson/Dropbox/TB/4E/WebSupplements/ForStudents/SW_4E_ReplicationFiles/Chapter_7/ch7_caschools.log
  log type:  text
 opened on:  24 Sep 2018, 14:46:59

. ***********************************;
. * Read In Data;
.  use "/Users/mwatson/Dropbox/TB/4E/WebSupplements/ForStudents/SW_4E_ReplicationFiles/Replication_Data/caschool.dta";

. *;
. * Decription of Data;
. * dist_code -- district Code;
. * Read_scr  -- avg Reading Score;
. * Math_scr  -- avg Math Score;
. * County   --  county;
. * District -- District;
. * gr_span -- grade span of district;
. * enrl_tot -- total enrollment;
. * teachers -- number of teachers;
. * computer -- number of computers;
. * testscr -- avg test score (= (read_scr+math_scr)/2 );
. * comp_stu -- computers per student ( = computer/enrl_tot);
. * expn_stu -- expentitures per student;
. * str -- student teacher ration (teachers/enrl_tot);
. * el_pct -- percent of English Learners;
. * Meal_pct -- Percent qualifying for reduced-price lunch;
. * calw_pct -- Percent qualifying for CalWorks;
. * avginc -- district average income (in $1000's);
. **************************************************************;
. ***** Eq 7.5 ******
> **************************************************************;
. reg testscr str el_pct, r;

Linear regression                               Number of obs     =        420
                                                F(2, 417)         =     223.82
                                                Prob > F          =     0.0000
                                                R-squared         =     0.4264
                                                Root MSE          =     14.464

------------------------------------------------------------------------------
             |               Robust
     testscr |      Coef.   Std. Err.      t    P>|t|     [95% Conf. Interval]
-------------+----------------------------------------------------------------
         str |  -1.101296   .4328472    -2.54   0.011     -1.95213   -.2504616
      el_pct |  -.6497768   .0310318   -20.94   0.000     -.710775   -.5887786
       _cons |   686.0322   8.728224    78.60   0.000     668.8754     703.189
------------------------------------------------------------------------------

. **************************************************************;
. ***** Eq 7.6 ******
> **************************************************************;
. replace expn_stu = expn_stu/1000;
(420 real changes made)

. reg testscr str expn_stu el_pct, r;

Linear regression                               Number of obs     =        420
                                                F(3, 416)         =     147.20
                                                Prob > F          =     0.0000
                                                R-squared         =     0.4366
                                                Root MSE          =     14.353

------------------------------------------------------------------------------
             |               Robust
     testscr |      Coef.   Std. Err.      t    P>|t|     [95% Conf. Interval]
-------------+----------------------------------------------------------------
         str |  -.2863993   .4820728    -0.59   0.553    -1.234002     .661203
    expn_stu |   3.867901   1.580722     2.45   0.015     .7607024      6.9751
      el_pct |  -.6560227   .0317844   -20.64   0.000    -.7185008   -.5935446
       _cons |    649.578   15.45834    42.02   0.000     619.1917    679.9642
------------------------------------------------------------------------------

. * Diplay Covariance Matrix;
. vce;

Covariance matrix of coefficients of regress model

        e(V) |        str    expn_stu      el_pct       _cons 
-------------+------------------------------------------------
         str |  .23239419                                     
    expn_stu |  .40034627   2.4986834                         
      el_pct | -.00244872   -.0102366   .00101025             
       _cons | -6.6649191  -20.703458   .08180681   238.96038 

. * F-test reported in text;
. test str expn_stu;

 ( 1)  str = 0
 ( 2)  expn_stu = 0

       F(  2,   416) =    5.43
            Prob > F =    0.0047

. **************************************************************;
. ***** Eq 7.15 ******
> **************************************************************;
. reg testscr el_pct, r;

Linear regression                               Number of obs     =        420
                                                F(1, 418)         =     436.58
                                                Prob > F          =     0.0000
                                                R-squared         =     0.4149
                                                Root MSE          =     14.592

------------------------------------------------------------------------------
             |               Robust
     testscr |      Coef.   Std. Err.      t    P>|t|     [95% Conf. Interval]
-------------+----------------------------------------------------------------
      el_pct |  -.6711562   .0321211   -20.89   0.000    -.7342952   -.6080172
       _cons |   664.7394   .9740374   682.46   0.000     662.8248    666.6541
------------------------------------------------------------------------------

. *************************************************************;
. ******* Correlations reported in text;
. *************************************************************;
. cor testscr str expn_stu el_pct meal_pct calw_pct;
(obs=420)

             |  testscr      str expn_stu   el_pct meal_pct calw_pct
-------------+------------------------------------------------------
     testscr |   1.0000
         str |  -0.2264   1.0000
    expn_stu |   0.1913  -0.6200   1.0000
      el_pct |  -0.6441   0.1876  -0.0714   1.0000
    meal_pct |  -0.8688   0.1352  -0.0610   0.6531   1.0000
    calw_pct |  -0.6269   0.0183   0.0679   0.3196   0.7394   1.0000


. *************************************************************;
. ******* Table 7.1;
. *************************************************************;
. * Column (1);
. reg testscr str, r;

Linear regression                               Number of obs     =        420
                                                F(1, 418)         =      19.26
                                                Prob > F          =     0.0000
                                                R-squared         =     0.0512
                                                Root MSE          =     18.581

------------------------------------------------------------------------------
             |               Robust
     testscr |      Coef.   Std. Err.      t    P>|t|     [95% Conf. Interval]
-------------+----------------------------------------------------------------
         str |  -2.279808   .5194892    -4.39   0.000    -3.300945   -1.258671
       _cons |    698.933   10.36436    67.44   0.000     678.5602    719.3057
------------------------------------------------------------------------------

. dis "Adjusted Rsquared = " _result(8);
Adjusted Rsquared = .04897033

. * Column (2);
. reg testscr str el_pct, r;

Linear regression                               Number of obs     =        420
                                                F(2, 417)         =     223.82
                                                Prob > F          =     0.0000
                                                R-squared         =     0.4264
                                                Root MSE          =     14.464

------------------------------------------------------------------------------
             |               Robust
     testscr |      Coef.   Std. Err.      t    P>|t|     [95% Conf. Interval]
-------------+----------------------------------------------------------------
         str |  -1.101296   .4328472    -2.54   0.011     -1.95213   -.2504616
      el_pct |  -.6497768   .0310318   -20.94   0.000     -.710775   -.5887786
       _cons |   686.0322   8.728224    78.60   0.000     668.8754     703.189
------------------------------------------------------------------------------

. dis "Adjusted Rsquared = " _result(8);
Adjusted Rsquared = .42368043

. * Column (3);
. reg testscr str el_pct meal_pct, r;

Linear regression                               Number of obs     =        420
                                                F(3, 416)         =     453.48
                                                Prob > F          =     0.0000
                                                R-squared         =     0.7745
                                                Root MSE          =     9.0801

------------------------------------------------------------------------------
             |               Robust
     testscr |      Coef.   Std. Err.      t    P>|t|     [95% Conf. Interval]
-------------+----------------------------------------------------------------
         str |  -.9983092   .2700799    -3.70   0.000    -1.529201   -.4674178
      el_pct |  -.1215733   .0328317    -3.70   0.000      -.18611   -.0570366
    meal_pct |  -.5473456   .0241072   -22.70   0.000    -.5947328   -.4999583
       _cons |     700.15    5.56845   125.74   0.000     689.2042    711.0958
------------------------------------------------------------------------------

. dis "Adjusted Rsquared = " _result(8);
Adjusted Rsquared = .77288978

. * Column (4);
. reg testscr str el_pct calw_pct, r;

Linear regression                               Number of obs     =        420
                                                F(3, 416)         =     170.37
                                                Prob > F          =     0.0000
                                                R-squared         =     0.6285
                                                Root MSE          =     11.654

------------------------------------------------------------------------------
             |               Robust
     testscr |      Coef.   Std. Err.      t    P>|t|     [95% Conf. Interval]
-------------+----------------------------------------------------------------
         str |  -1.307984   .3390761    -3.86   0.000      -1.9745    -.641468
      el_pct |  -.4876202   .0295823   -16.48   0.000    -.5457696   -.4294708
    calw_pct |  -.7899648   .0676596   -11.68   0.000    -.9229622   -.6569674
       _cons |   697.9987   6.920369   100.86   0.000     684.3954    711.6019
------------------------------------------------------------------------------

. dis "Adjusted Rsquared = " _result(8);
Adjusted Rsquared = .62586422

. * Column (5);
. reg testscr str el_pct meal_pct calw_pct, r;

Linear regression                               Number of obs     =        420
                                                F(4, 415)         =     361.68
                                                Prob > F          =     0.0000
                                                R-squared         =     0.7749
                                                Root MSE          =     9.0843

------------------------------------------------------------------------------
             |               Robust
     testscr |      Coef.   Std. Err.      t    P>|t|     [95% Conf. Interval]
-------------+----------------------------------------------------------------
         str |  -1.014353   .2688613    -3.77   0.000    -1.542853   -.4858534
      el_pct |  -.1298219   .0362579    -3.58   0.000     -.201094   -.0585498
    meal_pct |  -.5286191   .0381167   -13.87   0.000    -.6035449   -.4536932
    calw_pct |  -.0478537   .0586541    -0.82   0.415    -.1631498    .0674424
       _cons |   700.3918   5.537418   126.48   0.000      689.507    711.2767
------------------------------------------------------------------------------

. dis "Adjusted Rsquared = " _result(8);
Adjusted Rsquared = .77267996

. *;
. *************************************************************;
. log close;
      name:  <unnamed>
       log:  /Users/mwatson/Dropbox/TB/4E/WebSupplements/ForStudents/SW_4E_ReplicationFiles/Chapter_7/ch7_caschools.log
  log type:  text
 closed on:  24 Sep 2018, 14:47:00
--------------------------------------------------------------------------------------------------------------------------------------------------------------------------------------------------------
