sou ch15_replication_files.rpf


 ENTRY       YGROWTH
     13    8.81292622284
     14   -1.52083631494
     15    0.99474127191
     16   -4.87165067565
     17    2.71055646460
     18    7.36724035033
     19    6.61454715635
     20    8.02587907153
     21    7.14041399416
     22    4.28688442693
     23    3.79220134396
     24    1.54925995524
     25    4.42638242261
     26    5.18076687866
     27    7.73309229898
     28    2.84461951025
     29    8.55922763538
     30    4.72853989850
     31    5.39667189448
     32    1.41586013941
     33    9.74566186329
     34    5.43136181250
     35    8.04267038341
     36    9.32387387934
     37    9.75751910011
     38    1.63458482010
     39    2.83932380315
     40    3.41477273915
     41    3.65546597884
     42    0.35074235698
     43    3.43821094811
     44    3.20692610681
     45    8.04143934395
     46    6.69840742999
     47    2.87069187329
     48    1.77639517328
     49    6.17179943103
     50    1.28082561612
     51    2.49578610915
     52   -1.74988418667
     53   -0.70952977247
     54    0.70715460401
     55    3.52781982894
     56   -4.13564772350
     57   10.56944134208
     58    2.27625889805
     59    3.11515084968
     60    1.16655410350
     61    7.11344301964
     62    9.15722422589
     63    3.66951284480
     64    6.58789467328
     65    9.72804208812
     66    4.50952594969
     67   -2.17951734244
     68    3.71240180786
     69   -3.33644689847
     70    1.05019386415
     71   -3.89170673293
     72   -1.60308043155
     73   -4.86198438067
     74    3.07001615434
     75    6.55638790891
     76    5.35664429143
     77    8.93220807269
     78    3.01092995650
     79    2.02870241980
     80    2.99109675531
     81    4.62718904807
     82    7.77453904760
     83    7.01470205027
     84    0.04200799552
     85    1.38935841779
     86   15.25744565654
     87    3.89265583501
     88    5.32924980972
     89    0.79394225173
     90    0.48395687204
     91    2.86191287748
     92    1.03419714089
     93    1.29178686546
     94   -8.19593464801
     95   -0.60653748823
     96    7.34521118903
     97    8.19350695292
     98   -2.93169388123
     99    4.56386991715
    100   -4.69396014638
    101   -6.74767342927
    102    2.17318377450
    103   -1.44322170636
    104    0.39001760265
    105    5.20518574970
    106    9.02529122697
    107    7.75602776734
    108    8.16487679633
    109    7.86941823236
    110    6.96436950786
    111    3.91596843169
    112    3.17786053097
    113    3.95688180158
    114    3.64530248496
    115    6.17491590721
    116    2.98953357436
    117    3.69035238835
    118    1.83205190417
    119    4.00614148836
    120    2.06566879526
    121    2.78718608074
    122    4.46506198100
    123    3.61148306425
    124    6.54828437155
    125    2.24324633895
    126    5.25051743696
    127    2.30222955947
    128    5.26360422480
    129    4.01474064471
    130    3.13307697104
    131    2.97491109799
    132    0.84543584626
    133    4.35570052783
    134    1.54379255192
    135    0.09876613627
    136   -3.42434293627
    137   -1.88147183930
    138    3.09225227959
    139    1.91545317465
    140    1.74247967631
    141    4.69727815393
    142    4.38649488586
    143    3.86966150070
    144    3.98812346731
    145    0.74504313571
    146    2.37158938802
    147    1.94591239089
    148    5.30447903256
    149    3.90266508800
    150    5.42977760135
    151    2.35189155825
    152    4.51633542816
    153    1.36488833482
    154    1.39518177964
    155    3.40961001156
    156    2.82964328228
    157    2.61543175007
    158    6.92372470595
    159    3.68307677565
    160    4.20409625272
    161    3.03716237909
    162    5.98925441327
    163    5.06111216630
    164    3.09179217348
    165    3.93822077599
    166    3.86073991653
    167    5.19886981039
    168    6.51281665586
    169    3.18131787158
    170    3.28530600866
    171    5.00267386549
    172    6.88370118468
    173    1.15901144481
    174    7.48462068848
    175    0.48082152420
    176    2.26716185140
    177   -1.13906137487
    178    2.11473536262
    179   -1.26702555848
    180    1.10857151886
    181    3.66631108556
    182    2.20084660924
    183    1.94259520859
    184    0.25453915697
    185    2.06663347476
    186    3.69460086806
    187    6.64362418238
    188    4.64977127119
    189    2.29367489313
    190    2.92137324658
    191    3.61931977076
    192    3.44257903058
    193    4.24126265835
    194    2.08304328281
    195    3.34628453427
    196    2.27959296484
    197    4.77692109291
    198    1.19347813929
    199    0.35757477199
    200    3.11867073848
    201    0.24704045407
    202    3.04802953228
    203    2.68134290628
    204    1.42510148403
    205   -2.73976369458
    206    1.98057491871
    207   -1.92166505925
    208   -8.54250721894
    209   -5.58083048659
    210   -0.54186182625
    211    1.30520855490
    212    3.85360026387
    213    1.72764665669
    214    3.84559718902
    215    2.69065757059
    216    2.51254004820
    217   -1.54794064818
    218    2.89926673504
    219    0.84220647865
    220    4.47798496562
    221    2.64504204986
    222    1.86289318868
    223    0.47846657537
    224    0.08976417958
    225    2.78854711145
    226    0.76562966076
    227    3.07487708907
    228    3.88336356321
    229   -0.92187105900
    230    4.49953385277
    231    5.08030781932
    232    1.99529859819
    233    3.18693083167
    234    2.70445641272
    235    1.61748826191
    236    0.48452009519
    237    0.57861325063
    238    2.21316054376
    239    2.74226662828
    240    1.74304031369
    241    1.22815731423
    242    3.01395368520
    243    3.10711506016
    244    2.50457932482




 ENTRY         GDPC1             Y            YGROWTH
 1960:01      3123.162     8.04660122914    8.81292622284
 1960:02      3111.310     8.04279913835   -1.52083631494
 1960:03      3119.057     8.04528599153    0.99474127191
 1960:04      3081.300     8.03310686484   -4.87165067565
 1961:01      3102.251     8.03988325600    2.71055646460
 1961:02      3159.918     8.05830135688    7.36724035033
 1961:03      3212.606     8.07483772477    6.61454715635
 1961:04      3277.717     8.09490242245    8.02587907153
 1962:01      3336.753     8.11275345743    7.14041399416
 1962:02      3372.706     8.12347066850    4.28688442693
 1962:03      3404.833     8.13295117186    3.79220134396
 1962:04      3418.046     8.13682432175    1.54925995524
 1963:01      3456.080     8.14789027780    4.42638242261
 1963:02      3501.134     8.16084219500    5.18076687866
 1963:03      3569.479     8.18017492575    7.73309229898
 1963:04      3594.954     8.18728647452    2.84461951025
 1964:01      3672.708     8.20868454361    8.55922763538
 1964:02      3716.382     8.22050589336    4.72853989850
 1964:03      3766.862     8.23399757309    5.39667189448
 1964:04      3780.219     8.23753722344    1.41586013941
 1965:01      3873.452     8.26190137810    9.74566186329
 1965:02      3926.406     8.27547978263    5.43136181250
 1965:03      4006.152     8.29558645859    8.04267038341
 1965:04      4100.631     8.31889614329    9.32387387934
 1966:01      4201.891     8.34328994104    9.75751910011
 1966:02      4219.097     8.34737640309    1.63458482010
 1966:03      4249.152     8.35447471260    2.83932380315
 1966:04      4285.582     8.36301164445    3.41477273915
 1967:01      4324.926     8.37215030939    3.65546597884
 1967:02      4328.720     8.37302716529    0.35074235698
 1967:03      4366.088     8.38162269266    3.43821094811
 1967:04      4401.233     8.38964000792    3.20692610681
 1968:01      4490.609     8.40974360628    8.04143934395
 1968:02      4566.442     8.42648962486    6.69840742999
 1968:03      4599.332     8.43366635454    2.87069187329
 1968:04      4619.803     8.43810734247    1.77639517328
 1969:01      4691.637     8.45353684105    6.17179943103
 1969:02      4706.684     8.45673890509    1.28082561612
 1969:03      4736.143     8.46297837036    2.49578610915
 1969:04      4715.469     8.45860365990   -1.74988418667
 1970:01      4707.112     8.45682983547   -0.70952977247
 1970:02      4715.441     8.45859772198    0.70715460401
 1970:03      4757.213     8.46741727155    3.52781982894
 1970:04      4708.281     8.45707815224   -4.13564772350
 1971:01      4834.349     8.48350175560   10.56944134208
 1971:02      4861.938     8.48919240284    2.27625889805
 1971:03      4899.950     8.49698027997    3.11515084968
 1971:04      4914.261     8.49989666522    1.16655410350
 1972:01      5002.436     8.51768027277    7.11344301964
 1972:02      5118.278     8.54057333334    9.15722422589
 1972:03      5165.448     8.54974711545    3.66951284480
 1972:04      5251.226     8.56621685213    6.58789467328
 1973:01      5380.502     8.59053695735    9.72804208812
 1973:02      5441.504     8.60181077223    4.50952594969
 1973:03      5411.935     8.59636197887   -2.17951734244
 1973:04      5462.397     8.60564298339    3.71240180786
 1974:01      5417.024     8.59730186614   -3.33644689847
 1974:02      5431.265     8.59992735081    1.05019386415
 1974:03      5378.679     8.59019808397   -3.89170673293
 1974:04      5357.166     8.58619038289   -1.60308043155
 1975:01      5292.444     8.57403542194   -4.86198438067
 1975:02      5333.220     8.58171046233    3.07001615434
 1975:03      5421.357     8.59810143210    6.55638790891
 1975:04      5494.446     8.61149304283    5.35664429143
 1976:01      5618.520     8.63382356301    8.93220807269
 1976:02      5660.972     8.64135088790    3.01092995650
 1976:03      5689.756     8.64642264395    2.02870241980
 1976:04      5732.462     8.65390038584    2.99109675531
 1977:01      5799.160     8.66546835846    4.62718904807
 1977:02      5912.977     8.68490470608    7.77453904760
 1977:03      6017.586     8.70244146120    7.01470205027
 1977:04      6018.218     8.70254648119    0.04200799552
 1978:01      6039.158     8.70601987724    1.38935841779
 1978:02      6273.963     8.74416349138   15.25744565654
 1978:03      6335.317     8.75389513097    3.89265583501
 1978:04      6420.288     8.76721825549    5.32924980972
 1979:01      6433.044     8.76920311112    0.79394225173
 1979:02      6440.832     8.77041300330    0.48395687204
 1979:03      6487.080     8.77756778549    2.86191287748
 1979:04      6503.874     8.78015327835    1.03419714089
 1980:01      6524.912     8.78338274551    1.29178686546
 1980:02      6392.578     8.76289290889   -8.19593464801
 1980:03      6382.892     8.76137656517   -0.60653748823
 1980:04      6501.184     8.77973959314    7.34521118903
 1981:01      6635.726     8.80022336052    8.19350695292
 1981:02      6587.269     8.79289412582   -2.93169388123
 1981:03      6662.858     8.80430380061    4.56386991715
 1981:04      6585.127     8.79256890025   -4.69396014638
 1982:01      6474.973     8.77569971667   -6.74767342927
 1982:02      6510.247     8.78113267611    2.17318377450
 1982:03      6486.800     8.77752462185   -1.44322170636
 1982:04      6493.128     8.77849966585    0.39001760265
 1983:01      6578.175     8.79151263023    5.20518574970
 1983:02      6728.287     8.81407585829    9.02529122697
 1983:03      6860.022     8.83346592771    7.75602776734
 1983:04      7001.489     8.85387811970    8.16487679633
 1984:01      7140.597     8.87355166528    7.86941823236
 1984:02      7266.010     8.89096258905    6.96436950786
 1984:03      7337.493     8.90075251013    3.91596843169
 1984:04      7396.019     8.90869716146    3.17786053097
 1985:01      7469.545     8.91858936596    3.95688180158
 1985:02      7537.928     8.92770262218    3.64530248496
 1985:03      7655.196     8.94313991194    6.17491590721
 1985:04      7712.624     8.95061374588    2.98953357436
 1986:01      7784.109     8.95983962685    3.69035238835
 1986:02      7819.843     8.96441975661    1.83205190417
 1986:03      7898.555     8.97443511033    4.00614148836
 1986:04      7939.450     8.97959928232    2.06566879526
 1987:01      7994.965     8.98656724752    2.78718608074
 1987:02      8084.710     8.99772990247    4.46506198100
 1987:03      8158.035     9.00675861014    3.61148306425
 1987:04      8292.687     9.02312932106    6.54828437155
 1988:01      8339.324     9.02873743691    2.24324633895
 1988:02      8449.510     9.04186373050    5.25051743696
 1988:03      8498.282     9.04761930440    2.30222955947
 1988:04      8610.850     9.06077831496    5.26360422480
 1989:01      8697.711     9.07081516658    4.01474064471
 1989:02      8766.105     9.07864785900    3.13307697104
 1989:03      8831.544     9.08608513675    2.97491109799
 1989:04      8850.230     9.08819872636    0.84543584626
 1990:01      8947.129     9.09908797768    4.35570052783
 1990:02      8981.727     9.10294745906    1.54379255192
 1990:03      8983.945     9.10319437440    0.09876613627
 1990:04      8907.363     9.09463351706   -3.42434293627
 1991:01      8865.564     9.08992983747   -1.88147183930
 1991:02      8934.366     9.09766046816    3.09225227959
 1991:03      8977.252     9.10244910110    1.91545317465
 1991:04      9016.444     9.10680530029    1.74247967631
 1992:01      9122.950     9.11854849568    4.69727815393
 1992:02      9223.545     9.12951473289    4.38649488586
 1992:03      9313.208     9.13918888664    3.86966150070
 1992:04      9406.528     9.14915919531    3.98812346731
 1993:01      9424.065     9.15102180315    0.74504313571
 1993:02      9480.106     9.15695077662    2.37158938802
 1993:03      9526.337     9.16181555760    1.94591239089
 1993:04      9653.509     9.17507675518    5.30447903256
 1994:01      9748.156     9.18483341790    3.90266508800
 1994:02      9881.384     9.19840786190    5.42977760135
 1994:03      9939.655     9.20428759080    2.35189155825
 1994:04     10052.518     9.21557842937    4.51633542816
 1995:01     10086.878     9.21899065021    1.36488833482
 1995:02     10122.122     9.22247860466    1.39518177964
 1995:03     10208.772     9.23100262968    3.40961001156
 1995:04     10281.246     9.23807673789    2.82964328228
 1996:01     10348.691     9.24461531727    2.61543175007
 1996:02     10529.379     9.26192462903    6.92372470595
 1996:03     10626.778     9.27113232097    3.68307677565
 1996:04     10739.057     9.28164256160    4.20409625272
 1997:01     10820.908     9.28923546755    3.03716237909
 1997:02     10984.150     9.30420860358    5.98925441327
 1997:03     11124.013     9.31686138400    5.06111216630
 1997:04     11210.329     9.32459086443    3.09179217348
 1998:01     11321.246     9.33443641637    3.93822077599
 1998:02     11431.046     9.34408826616    3.86073991653
 1998:03     11580.587     9.35708544069    5.19886981039
 1998:04     11770.686     9.37336748233    6.51281665586
 1999:01     11864.675     9.38132077701    3.18131787158
 1999:02     11962.524     9.38953404203    3.28530600866
 1999:03     12113.075     9.40204072669    5.00267386549
 1999:04     12323.336     9.41924997965    6.88370118468
 2000:01     12359.095     9.42214750827    1.15901144481
 2000:02     12592.530     9.44085905999    7.48462068848
 2000:03     12607.676     9.44206111380    0.48082152420
 2000:04     12679.338     9.44772901843    2.26716185140
 2001:01     12643.283     9.44488136499   -1.13906137487
 2001:02     12710.303     9.45016820340    2.11473536262
 2001:03     12670.106     9.44700063950   -1.26702555848
 2001:04     12705.269     9.44977206830    1.10857151886
 2002:01     12822.258     9.45893784601    3.66631108556
 2002:02     12893.002     9.46443996253    2.20084660924
 2002:03     12955.769     9.46929645056    1.94259520859
 2002:04     12964.016     9.46993279845    0.25453915697
 2003:01     13031.169     9.47509938213    2.06663347476
 2003:02     13152.089     9.48433588430    3.69460086806
 2003:03     13372.357     9.50094494476    6.64362418238
 2003:04     13528.710     9.51256937294    4.64977127119
 2004:01     13606.509     9.51830356017    2.29367489313
 2004:02     13706.247     9.52560699329    2.92137324658
 2004:03     13830.828     9.53465529271    3.61931977076
 2004:04     13950.376     9.54326174029    3.44257903058
 2005:01     14099.081     9.55386489694    4.24126265835
 2005:02     14172.695     9.55907250514    2.08304328281
 2005:03     14291.757     9.56743821648    3.34628453427
 2005:04     14373.438     9.57313719889    2.27959296484
 2006:01     14546.119     9.58507950162    4.77692109291
 2006:02     14589.585     9.58806319697    1.19347813929
 2006:03     14602.633     9.58895713390    0.35757477199
 2006:04     14716.930     9.59675381075    3.11867073848
 2007:01     14726.022     9.59737141188    0.24704045407
 2007:02     14838.664     9.60499148571    3.04802953228
 2007:03     14938.467     9.61169484298    2.68134290628
 2007:04     14991.784     9.61525759669    1.42510148403
 2008:01     14889.450     9.60840818745   -2.73976369458
 2008:02     14963.357     9.61335962475    1.98057491871
 2008:03     14891.643     9.60855546210   -1.92166505925
 2008:04     14576.985     9.58719919406   -8.54250721894
 2009:01     14375.018     9.57324711784   -5.58083048659
 2009:02     14355.558     9.57189246327   -0.54186182625
 2009:03     14402.477     9.57515548466    1.30520855490
 2009:04     14541.901     9.58478948532    3.85360026387
 2010:01     14604.845     9.58910860196    1.72764665669
 2010:02     14745.933     9.59872259493    3.84559718902
 2010:03     14845.458     9.60544923886    2.69065757059
 2010:04     14939.001     9.61173058898    2.51254004820
 2011:01     14881.301     9.60786073736   -1.54794064818
 2011:02     14989.555     9.61510890420    2.89926673504
 2011:03     15021.149     9.61721442039    0.84220647865
 2011:04     15190.255     9.62840938281    4.47798496562
 2012:01     15291.035     9.63502198793    2.64504204986
 2012:02     15362.415     9.63967922091    1.86289318868
 2012:03     15380.802     9.64087538734    0.47846657537
 2012:04     15384.254     9.64109979779    0.08976417958
 2013:01     15491.878     9.64807116557    2.78854711145
 2013:02     15521.559     9.64998523972    0.76562966076
 2013:03     15641.336     9.65767243245    3.07487708907
 2013:04     15793.928     9.66738084135    3.88336356321
 2014:01     15757.570     9.66507616371   -0.92187105900
 2014:02     15935.825     9.67632499834    4.49953385277
 2014:03     16139.513     9.68902576789    5.08030781932
 2014:04     16220.222     9.69401401438    1.99529859819
 2015:01     16349.970     9.70198134146    3.18693083167
 2015:02     16460.889     9.70874248249    2.70445641272
 2015:03     16527.587     9.71278620315    1.61748826191
 2015:04     16547.619     9.71399750339    0.48452009519
 2016:01     16571.573     9.71544403651    0.57861325063
 2016:02     16663.516     9.72097693787    2.21316054376
 2016:03     16778.148     9.72783260444    2.74226662828
 2016:04     16851.420     9.73219020523    1.74304031369
 2017:01     16903.240     9.73526059851    1.22815731423
 2017:02     17031.085     9.74279548273    3.01395368520
 2017:03     17163.894     9.75056327038    3.10711506016
 2017:04     17271.702     9.75682471869    2.50457932482




 ENTRY           Y            YGROWTH
 2016:03   9.72783260444    2.74226662828
 2016:04   9.73219020523    1.74304031369
 2017:01   9.73526059851    1.22815731423
 2017:02   9.74279548273    3.01395368520
 2017:03   9.75056327038    3.10711506016
 2017:04   9.75682471869    2.50457932482



Statistics on Series YGROWTH
Quarterly Data From 1960:01 To 2017:04
Observations                   232
Sample Mean               2.986648      Variance                  10.885440
Standard Error            3.299309      SE of Sample Mean          0.216610
t-Statistic (Mean=0)     13.788119      Signif Level (Mean=0)      0.000000
Skewness                 -0.269038      Signif Level (Sk=0)        0.096488
Kurtosis (excess)         1.674674      Signif Level (Ku=0)        0.000000
Jarque-Bera              29.909216      Signif Level (JB=0)        0.000000


Correlations of Series YGROWTH
Quarterly Data From 1960:01 To 2017:04

Autocorrelations
   1        2        3        4
0.333437 0.262685 0.102004 0.107644


Linear Regression - Estimation by Least Squares
With Heteroscedasticity-Consistent (Eicker-White) Standard Errors
Dependent Variable YGROWTH
Quarterly Data From 1962:01 To 2017:03
Usable Observations                       223
Degrees of Freedom                        221
Centered R^2                        0.1174343
R-Bar^2                             0.1134408
Uncentered R^2                      0.5208110
Mean of Dependent Variable       2.9697952429
Std Error of Dependent Variable  3.2441465363
Standard Error of Estimate       3.0545998618
Sum of Squared Residuals         2062.0582498
Log Likelihood                      -564.4314
Durbin-Watson Statistic                2.1282

    Variable                        Coeff      Std Error      T-Stat      Signif
************************************************************************************
1.  Constant                     1.9500623574 0.3223718808      6.04911  0.00000000
2.  YGROWTH{1}                   0.3408366195 0.0730091500      4.66841  0.00000304

AR(1) Forecast of GDP Growth       3.00908
Actual GDP Growth                  2.50458

Linear Regression - Estimation by Least Squares
With Heteroscedasticity-Consistent (Eicker-White) Standard Errors
Dependent Variable YGROWTH
Quarterly Data From 1962:01 To 2017:03
Usable Observations                       223
Degrees of Freedom                        220
Centered R^2                        0.1453477
R-Bar^2                             0.1375782
Uncentered R^2                      0.5359666
Mean of Dependent Variable       2.9697952429
Std Error of Dependent Variable  3.2441465363
Standard Error of Estimate       3.0127308508
Sum of Squared Residuals         1996.8403795
Log Likelihood                      -560.8480
Durbin-Watson Statistic                2.0052

    Variable                        Coeff      Std Error      T-Stat      Signif
************************************************************************************
1.  Constant                     1.6027511368 0.3691031958      4.34228  0.00001410
2.  YGROWTH{1}                   0.2792349114 0.0763803458      3.65585  0.00025633
3.  YGROWTH{2}                   0.1767336051 0.0767317752      2.30326  0.02126394

AR(2) Forecast of GDP Growth       3.00303
Actual GDP Growth                  2.50458


 ENTRY         GS10            TB3MS          RSPREAD
 1960:01    4.48666666667  3.873333333333  0.613333333333
 1960:02    4.26000000000  2.993333333333  1.266666666667
 1960:03    3.83333333333  2.360000000000  1.473333333333
 1960:04    3.88666666667  2.306666666667  1.580000000000
 1961:01    3.78666666667  2.350000000000  1.436666666667
 1961:02    3.79000000000  2.303333333333  1.486666666667
 1961:03    3.98000000000  2.303333333333  1.676666666667
 1961:04    3.97333333333  2.460000000000  1.513333333333
 1962:01    4.01666666667  2.723333333333  1.293333333333
 1962:02    3.87333333333  2.716666666667  1.156666666667
 1962:03    3.99000000000  2.840000000000  1.150000000000
 1962:04    3.90333333333  2.813333333333  1.090000000000
 1963:01    3.89333333333  2.906666666667  0.986666666667
 1963:02    3.96333333333  2.940000000000  1.023333333333
 1963:03    4.03333333333  3.293333333333  0.740000000000
 1963:04    4.12000000000  3.496666666667  0.623333333333
 1964:01    4.18000000000  3.530000000000  0.650000000000
 1964:02    4.20000000000  3.476666666667  0.723333333333
 1964:03    4.19333333333  3.496666666667  0.696666666667
 1964:04    4.17333333333  3.683333333333  0.490000000000
 1965:01    4.20333333333  3.890000000000  0.313333333333
 1965:02    4.20666666667  3.873333333333  0.333333333333
 1965:03    4.24666666667  3.866666666667  0.380000000000
 1965:04    4.47333333333  4.166666666667  0.306666666667
 1966:01    4.77000000000  4.610000000000  0.160000000000
 1966:02    4.78000000000  4.586666666667  0.193333333333
 1966:03    5.14000000000  5.043333333333  0.096666666667
 1966:04    5.00333333333  5.210000000000 -0.206666666667
 1967:01    4.58333333333  4.513333333333  0.070000000000
 1967:02    4.82000000000  3.660000000000  1.160000000000
 1967:03    5.24666666667  4.300000000000  0.946666666667
 1967:04    5.64333333333  4.753333333333  0.890000000000
 1968:01    5.61000000000  5.050000000000  0.560000000000
 1968:02    5.74333333333  5.520000000000  0.223333333333
 1968:03    5.46000000000  5.196666666667  0.263333333333
 1968:04    5.77000000000  5.586666666667  0.183333333333
 1969:01    6.17666666667  6.093333333333  0.083333333333
 1969:02    6.35333333333  6.196666666667  0.156666666667
 1969:03    6.85666666667  7.023333333333 -0.166666666667
 1969:04    7.29666666667  7.353333333333 -0.056666666667
 1970:01    7.36666666667  7.210000000000  0.156666666667
 1970:02    7.71333333333  6.676666666667  1.036666666667
 1970:03    7.46000000000  6.326666666667  1.133333333333
 1970:04    6.85333333333  5.353333333333  1.500000000000
 1971:01    6.01666666667  3.840000000000  2.176666666667
 1971:02    6.24666666667  4.250000000000  1.996666666667
 1971:03    6.48333333333  5.010000000000  1.473333333333
 1971:04    5.89000000000  4.230000000000  1.660000000000
 1972:01    6.03333333333  3.436666666667  2.596666666667
 1972:02    6.14333333333  3.770000000000  2.373333333333
 1972:03    6.29000000000  4.220000000000  2.070000000000
 1972:04    6.37333333333  4.863333333333  1.510000000000
 1973:01    6.60333333333  5.700000000000  0.903333333333
 1973:02    6.80666666667  6.603333333333  0.203333333333
 1973:03    7.20666666667  8.323333333333 -1.116666666667
 1973:04    6.75333333333  7.500000000000 -0.746666666667
 1974:01    7.05333333333  7.616666666667 -0.563333333333
 1974:02    7.54333333333  8.153333333333 -0.610000000000
 1974:03    7.96333333333  8.190000000000 -0.226666666667
 1974:04    7.67000000000  7.360000000000  0.310000000000
 1975:01    7.54000000000  5.750000000000  1.790000000000
 1975:02    8.05000000000  5.393333333333  2.656666666667
 1975:03    8.29666666667  6.330000000000  1.966666666667
 1975:04    8.06333333333  5.626666666667  2.436666666667
 1976:01    7.75333333333  4.916666666667  2.836666666667
 1976:02    7.77333333333  5.156666666667  2.616666666667
 1976:03    7.73000000000  5.150000000000  2.580000000000
 1976:04    7.19000000000  4.673333333333  2.516666666667
 1977:01    7.35333333333  4.630000000000  2.723333333333
 1977:02    7.37000000000  4.840000000000  2.530000000000
 1977:03    7.35666666667  5.496666666667  1.860000000000
 1977:04    7.59666666667  6.110000000000  1.486666666667
 1978:01    8.01000000000  6.393333333333  1.616666666667
 1978:02    8.32000000000  6.476666666667  1.843333333333
 1978:03    8.49000000000  7.313333333333  1.176666666667
 1978:04    8.82000000000  8.570000000000  0.250000000000
 1979:01    9.10666666667  9.383333333333 -0.276666666667
 1979:02    9.11333333333  9.376666666667 -0.263333333333
 1979:03    9.10333333333  9.673333333333 -0.570000000000
 1979:04   10.44666666667 11.843333333333 -1.396666666667
 1980:01   11.98666666667 13.353333333333 -1.366666666667
 1980:02   10.47666666667  9.616666666667  0.860000000000
 1980:03   10.95333333333  9.153333333333  1.800000000000
 1980:04   12.42333333333 13.613333333333 -1.190000000000
 1981:01   12.96000000000 14.390000000000 -1.430000000000
 1981:02   13.75000000000 14.906666666667 -1.156666666667
 1981:03   14.84666666667 15.053333333333 -0.206666666667
 1981:04   14.08666666667 11.750000000000  2.336666666667
 1982:01   14.29333333333 12.813333333333  1.480000000000
 1982:02   13.93000000000 12.420000000000  1.510000000000
 1982:03   13.11666666667  9.316666666667  3.800000000000
 1982:04   10.66666666667  7.906666666667  2.760000000000
 1983:01   10.56333333333  8.106666666667  2.456666666667
 1983:02   10.54333333333  8.396666666667  2.146666666667
 1983:03   11.62666666667  9.140000000000  2.486666666667
 1983:04   11.68666666667  8.800000000000  2.886666666667
 1984:01   11.94333333333  9.170000000000  2.773333333333
 1984:02   13.20000000000  9.796666666667  3.403333333333
 1984:03   12.86666666667 10.320000000000  2.546666666667
 1984:04   11.74333333333  8.803333333333  2.940000000000
 1985:01   11.58333333333  8.183333333333  3.400000000000
 1985:02   10.81333333333  7.460000000000  3.353333333333
 1985:03   10.33666666667  7.106666666667  3.230000000000
 1985:04    9.76000000000  7.166666666667  2.593333333333
 1986:01    8.55666666667  6.896666666667  1.660000000000
 1986:02    7.60333333333  6.140000000000  1.463333333333
 1986:03    7.30666666667  5.523333333333  1.783333333333
 1986:04    7.26333333333  5.353333333333  1.910000000000
 1987:01    7.19333333333  5.536666666667  1.656666666667
 1987:02    8.34333333333  5.656666666667  2.686666666667
 1987:03    8.87666666667  6.043333333333  2.833333333333
 1987:04    9.12333333333  5.863333333333  3.260000000000
 1988:01    8.41666666667  5.723333333333  2.693333333333
 1988:02    8.91000000000  6.210000000000  2.700000000000
 1988:03    9.10000000000  7.010000000000  2.090000000000
 1988:04    8.95666666667  7.726666666667  1.230000000000
 1989:01    9.20666666667  8.540000000000  0.666666666667
 1989:02    8.77333333333  8.410000000000  0.363333333333
 1989:03    8.10666666667  7.843333333333  0.263333333333
 1989:04    7.90666666667  7.653333333333  0.253333333333
 1990:01    8.42333333333  7.760000000000  0.663333333333
 1990:02    8.67666666667  7.746666666667  0.930000000000
 1990:03    8.70333333333  7.476666666667  1.226666666667
 1990:04    8.39666666667  6.990000000000  1.406666666667
 1991:01    8.01666666667  6.023333333333  1.993333333333
 1991:02    8.13000000000  5.560000000000  2.570000000000
 1991:03    7.94000000000  5.376666666667  2.563333333333
 1991:04    7.34666666667  4.540000000000  2.806666666667
 1992:01    7.30333333333  3.893333333333  3.410000000000
 1992:02    7.37666666667  3.680000000000  3.696666666667
 1992:03    6.61666666667  3.083333333333  3.533333333333
 1992:04    6.74333333333  3.070000000000  3.673333333333
 1993:01    6.28000000000  2.960000000000  3.320000000000
 1993:02    5.99000000000  2.966666666667  3.023333333333
 1993:03    5.61666666667  3.003333333333  2.613333333333
 1993:04    5.60666666667  3.060000000000  2.546666666667
 1994:01    6.06666666667  3.243333333333  2.823333333333
 1994:02    7.08333333333  3.986666666667  3.096666666667
 1994:03    7.33333333333  4.476666666667  2.856666666667
 1994:04    7.83666666667  5.280000000000  2.556666666667
 1995:01    7.48333333333  5.736666666667  1.746666666667
 1995:02    6.62000000000  5.596666666667  1.023333333333
 1995:03    6.32333333333  5.366666666667  0.956666666667
 1995:04    5.89333333333  5.260000000000  0.633333333333
 1996:01    5.91000000000  4.930000000000  0.980000000000
 1996:02    6.72000000000  5.020000000000  1.700000000000
 1996:03    6.78000000000  5.096666666667  1.683333333333
 1996:04    6.34333333333  4.976666666667  1.366666666667
 1997:01    6.56333333333  5.060000000000  1.503333333333
 1997:02    6.69666666667  5.046666666667  1.650000000000
 1997:03    6.24333333333  5.046666666667  1.196666666667
 1997:04    5.90666666667  5.090000000000  0.816666666667
 1998:01    5.58666666667  5.053333333333  0.533333333333
 1998:02    5.59666666667  4.976666666667  0.620000000000
 1998:03    5.20333333333  4.823333333333  0.380000000000
 1998:04    4.67000000000  4.253333333333  0.416666666667
 1999:01    4.98333333333  4.406666666667  0.576666666667
 1999:02    5.54000000000  4.453333333333  1.086666666667
 1999:03    5.88333333333  4.650000000000  1.233333333333
 1999:04    6.14000000000  5.043333333333  1.096666666667
 2000:01    6.48000000000  5.520000000000  0.960000000000
 2000:02    6.17666666667  5.713333333333  0.463333333333
 2000:03    5.89333333333  6.016666666667 -0.123333333333
 2000:04    5.56666666667  6.016666666667 -0.450000000000
 2001:01    5.05000000000  4.816666666667  0.233333333333
 2001:02    5.27000000000  3.660000000000  1.610000000000
 2001:03    4.98000000000  3.170000000000  1.810000000000
 2001:04    4.77000000000  1.906666666667  2.863333333333
 2002:01    5.07666666667  1.720000000000  3.356666666667
 2002:02    5.10000000000  1.713333333333  3.386666666667
 2002:03    4.26000000000  1.643333333333  2.616666666667
 2002:04    4.00666666667  1.333333333333  2.673333333333
 2003:01    3.92000000000  1.156666666667  2.763333333333
 2003:02    3.62000000000  1.040000000000  2.580000000000
 2003:03    4.23333333333  0.930000000000  3.303333333333
 2003:04    4.28666666667  0.916666666667  3.370000000000
 2004:01    4.02000000000  0.916666666667  3.103333333333
 2004:02    4.60000000000  1.076666666667  3.523333333333
 2004:03    4.30333333333  1.486666666667  2.816666666667
 2004:04    4.17333333333  2.006666666667  2.166666666667
 2005:01    4.29666666667  2.536666666667  1.760000000000
 2005:02    4.16000000000  2.863333333333  1.296666666667
 2005:03    4.21333333333  3.360000000000  0.853333333333
 2005:04    4.49000000000  3.826666666667  0.663333333333
 2006:01    4.57000000000  4.393333333333  0.176666666667
 2006:02    5.07000000000  4.703333333333  0.366666666667
 2006:03    4.89666666667  4.906666666667 -0.010000000000
 2006:04    4.63000000000  4.903333333333 -0.273333333333
 2007:01    4.68000000000  4.983333333333 -0.303333333333
 2007:02    4.84666666667  4.736666666667  0.110000000000
 2007:03    4.73000000000  4.303333333333  0.426666666667
 2007:04    4.26000000000  3.390000000000  0.870000000000
 2008:01    3.66333333333  2.043333333333  1.620000000000
 2008:02    3.88666666667  1.626666666667  2.260000000000
 2008:03    3.86333333333  1.493333333333  2.370000000000
 2008:04    3.25333333333  0.296666666667  2.956666666667
 2009:01    2.73666666667  0.213333333333  2.523333333333
 2009:02    3.31333333333  0.173333333333  3.140000000000
 2009:03    3.51666666667  0.156666666667  3.360000000000
 2009:04    3.46000000000  0.056666666667  3.403333333333
 2010:01    3.71666666667  0.106666666667  3.610000000000
 2010:02    3.49000000000  0.146666666667  3.343333333333
 2010:03    2.78666666667  0.156666666667  2.630000000000
 2010:04    2.86333333333  0.136666666667  2.726666666667
 2011:01    3.46000000000  0.126666666667  3.333333333333
 2011:02    3.21000000000  0.046666666667  3.163333333333
 2011:03    2.42666666667  0.023333333333  2.403333333333
 2011:04    2.04666666667  0.013333333333  2.033333333333
 2012:01    2.03666666667  0.066666666667  1.970000000000
 2012:02    1.82333333333  0.086666666667  1.736666666667
 2012:03    1.64333333333  0.103333333333  1.540000000000
 2012:04    1.70666666667  0.086666666667  1.620000000000
 2013:01    1.95000000000  0.086666666667  1.863333333333
 2013:02    1.99666666667  0.050000000000  1.946666666667
 2013:03    2.71000000000  0.033333333333  2.676666666667
 2013:04    2.74666666667  0.063333333333  2.683333333333
 2014:01    2.76333333333  0.046666666667  2.716666666667
 2014:02    2.62333333333  0.033333333333  2.590000000000
 2014:03    2.49666666667  0.026666666667  2.470000000000
 2014:04    2.28000000000  0.023333333333  2.256666666667
 2015:01    1.96666666667  0.026666666667  1.940000000000
 2015:02    2.16666666667  0.020000000000  2.146666666667
 2015:03    2.22000000000  0.040000000000  2.180000000000
 2015:04    2.19000000000  0.123333333333  2.066666666667
 2016:01    1.92000000000  0.286666666667  1.633333333333
 2016:02    1.75333333333  0.256666666667  1.496666666667
 2016:03    1.56333333333  0.296666666667  1.266666666667
 2016:04    2.13000000000  0.430000000000  1.700000000000
 2017:01    2.44333333333  0.590000000000  1.853333333333
 2017:02    2.26333333333  0.890000000000  1.373333333333
 2017:03    2.24333333333  1.036666666667  1.206666666667
 2017:04    2.37000000000  1.206666666667  1.163333333333




 ENTRY       RSPREAD
     13   0.613333333333
     14   1.266666666667
     15   1.473333333333
     16   1.580000000000
     17   1.436666666667
     18   1.486666666667
     19   1.676666666667
     20   1.513333333333
     21   1.293333333333
     22   1.156666666667
     23   1.150000000000
     24   1.090000000000
     25   0.986666666667
     26   1.023333333333
     27   0.740000000000
     28   0.623333333333
     29   0.650000000000
     30   0.723333333333
     31   0.696666666667
     32   0.490000000000
     33   0.313333333333
     34   0.333333333333
     35   0.380000000000
     36   0.306666666667
     37   0.160000000000
     38   0.193333333333
     39   0.096666666667
     40  -0.206666666667
     41   0.070000000000
     42   1.160000000000
     43   0.946666666667
     44   0.890000000000
     45   0.560000000000
     46   0.223333333333
     47   0.263333333333
     48   0.183333333333
     49   0.083333333333
     50   0.156666666667
     51  -0.166666666667
     52  -0.056666666667
     53   0.156666666667
     54   1.036666666667
     55   1.133333333333
     56   1.500000000000
     57   2.176666666667
     58   1.996666666667
     59   1.473333333333
     60   1.660000000000
     61   2.596666666667
     62   2.373333333333
     63   2.070000000000
     64   1.510000000000
     65   0.903333333333
     66   0.203333333333
     67  -1.116666666667
     68  -0.746666666667
     69  -0.563333333333
     70  -0.610000000000
     71  -0.226666666667
     72   0.310000000000
     73   1.790000000000
     74   2.656666666667
     75   1.966666666667
     76   2.436666666667
     77   2.836666666667
     78   2.616666666667
     79   2.580000000000
     80   2.516666666667
     81   2.723333333333
     82   2.530000000000
     83   1.860000000000
     84   1.486666666667
     85   1.616666666667
     86   1.843333333333
     87   1.176666666667
     88   0.250000000000
     89  -0.276666666667
     90  -0.263333333333
     91  -0.570000000000
     92  -1.396666666667
     93  -1.366666666667
     94   0.860000000000
     95   1.800000000000
     96  -1.190000000000
     97  -1.430000000000
     98  -1.156666666667
     99  -0.206666666667
    100   2.336666666667
    101   1.480000000000
    102   1.510000000000
    103   3.800000000000
    104   2.760000000000
    105   2.456666666667
    106   2.146666666667
    107   2.486666666667
    108   2.886666666667
    109   2.773333333333
    110   3.403333333333
    111   2.546666666667
    112   2.940000000000
    113   3.400000000000
    114   3.353333333333
    115   3.230000000000
    116   2.593333333333
    117   1.660000000000
    118   1.463333333333
    119   1.783333333333
    120   1.910000000000
    121   1.656666666667
    122   2.686666666667
    123   2.833333333333
    124   3.260000000000
    125   2.693333333333
    126   2.700000000000
    127   2.090000000000
    128   1.230000000000
    129   0.666666666667
    130   0.363333333333
    131   0.263333333333
    132   0.253333333333
    133   0.663333333333
    134   0.930000000000
    135   1.226666666667
    136   1.406666666667
    137   1.993333333333
    138   2.570000000000
    139   2.563333333333
    140   2.806666666667
    141   3.410000000000
    142   3.696666666667
    143   3.533333333333
    144   3.673333333333
    145   3.320000000000
    146   3.023333333333
    147   2.613333333333
    148   2.546666666667
    149   2.823333333333
    150   3.096666666667
    151   2.856666666667
    152   2.556666666667
    153   1.746666666667
    154   1.023333333333
    155   0.956666666667
    156   0.633333333333
    157   0.980000000000
    158   1.700000000000
    159   1.683333333333
    160   1.366666666667
    161   1.503333333333
    162   1.650000000000
    163   1.196666666667
    164   0.816666666667
    165   0.533333333333
    166   0.620000000000
    167   0.380000000000
    168   0.416666666667
    169   0.576666666667
    170   1.086666666667
    171   1.233333333333
    172   1.096666666667
    173   0.960000000000
    174   0.463333333333
    175  -0.123333333333
    176  -0.450000000000
    177   0.233333333333
    178   1.610000000000
    179   1.810000000000
    180   2.863333333333
    181   3.356666666667
    182   3.386666666667
    183   2.616666666667
    184   2.673333333333
    185   2.763333333333
    186   2.580000000000
    187   3.303333333333
    188   3.370000000000
    189   3.103333333333
    190   3.523333333333
    191   2.816666666667
    192   2.166666666667
    193   1.760000000000
    194   1.296666666667
    195   0.853333333333
    196   0.663333333333
    197   0.176666666667
    198   0.366666666667
    199  -0.010000000000
    200  -0.273333333333
    201  -0.303333333333
    202   0.110000000000
    203   0.426666666667
    204   0.870000000000
    205   1.620000000000
    206   2.260000000000
    207   2.370000000000
    208   2.956666666667
    209   2.523333333333
    210   3.140000000000
    211   3.360000000000
    212   3.403333333333
    213   3.610000000000
    214   3.343333333333
    215   2.630000000000
    216   2.726666666667
    217   3.333333333333
    218   3.163333333333
    219   2.403333333333
    220   2.033333333333
    221   1.970000000000
    222   1.736666666667
    223   1.540000000000
    224   1.620000000000
    225   1.863333333333
    226   1.946666666667
    227   2.676666666667
    228   2.683333333333
    229   2.716666666667
    230   2.590000000000
    231   2.470000000000
    232   2.256666666667
    233   1.940000000000
    234   2.146666666667
    235   2.180000000000
    236   2.066666666667
    237   1.633333333333
    238   1.496666666667
    239   1.266666666667
    240   1.700000000000
    241   1.853333333333
    242   1.373333333333
    243   1.206666666667
    244   1.163333333333



Linear Regression - Estimation by Least Squares
With Heteroscedasticity-Consistent (Eicker-White) Standard Errors
Dependent Variable YGROWTH
Quarterly Data From 1962:01 To 2017:03
Usable Observations                       223
Degrees of Freedom                        219
Centered R^2                        0.1697061
R-Bar^2                             0.1583322
Uncentered R^2                      0.5491920
Mean of Dependent Variable       2.9697952429
Std Error of Dependent Variable  3.2441465363
Standard Error of Estimate       2.9762597089
Sum of Squared Residuals         1939.9286862
Log Likelihood                      -557.6240
Durbin-Watson Statistic                2.0318

    Variable                        Coeff      Std Error      T-Stat      Signif
************************************************************************************
1.  Constant                     0.9408200280 0.4694467989      2.00410  0.04505896
2.  YGROWTH{1}                   0.2680569176 0.0796440332      3.36569  0.00076353
3.  YGROWTH{2}                   0.1897508915 0.0756161751      2.50940  0.01209380
4.  RSPREAD{1}                   0.4214198045 0.1798407285      2.34329  0.01911428

ADL(2,1) Forecast of GDP Grow      2.85412
Actual GDP Growth                  2.50458

Linear Regression - Estimation by Least Squares
With Heteroscedasticity-Consistent (Eicker-White) Standard Errors
Dependent Variable YGROWTH
Quarterly Data From 1962:01 To 2017:03
Usable Observations                       223
Degrees of Freedom                        218
Centered R^2                        0.1796140
R-Bar^2                             0.1645611
Uncentered R^2                      0.5545715
Mean of Dependent Variable       2.9697952429
Std Error of Dependent Variable  3.2441465363
Standard Error of Estimate       2.9652261479
Sum of Squared Residuals         1916.7794115
Log Likelihood                      -556.2854
Durbin-Watson Statistic                1.9913

    Variable                        Coeff      Std Error      T-Stat      Signif
************************************************************************************
1.  Constant                      0.943747185  0.456779207      2.06609  0.03881993
2.  YGROWTH{1}                    0.245801239  0.075134697      3.27147  0.00106988
3.  YGROWTH{2}                    0.175741767  0.075070496      2.34102  0.01923098
4.  RSPREAD{1}                   -0.128684428  0.415056016     -0.31004  0.75652969
5.  RSPREAD{2}                    0.617507725  0.422871986      1.46027  0.14421559


Null Hypothesis : The Following Coefficients Are Zero
RSPREAD          Lag(s) 1 to 2
Chi-Squared(2)=      8.121102 or F(2,*)=      4.06055 with Significance Level 0.01723952

ADL(2,2) Forecast of GDP Grow      2.92992
Actual GDP Growth                  2.50458

Statistics on Series FCST_ERR_AR1
Quarterly Data From 2007:01 To 2017:04
Observations                    44
Sample Mean              -1.093844      Variance                   5.670875
Standard Error            2.381360      SE of Sample Mean          0.359004
t-Statistic (Mean=0)     -3.046890      Signif Level (Mean=0)      0.003942
Skewness                 -1.513884      Signif Level (Sk=0)        0.000075
Kurtosis (excess)         3.993833      Signif Level (Ku=0)        0.000001
Jarque-Bera              46.049825      Signif Level (JB=0)        0.000000


Statistics on Series FCST_ERR2_AR1
Quarterly Data From 2007:01 To 2017:04
Observations                    44
Sample Mean               6.738487      Variance                 282.892099
Standard Error           16.819397      SE of Sample Mean          2.535619
t-Statistic (Mean=0)      2.657531      Signif Level (Mean=0)      0.011005
Skewness                  4.985886      Signif Level (Sk=0)        0.000000
Kurtosis (excess)        28.300211      Signif Level (Ku=0)        0.000000
Jarque-Bera            1650.619967      Signif Level (JB=0)        0.000000


Statistics on Series FCST_ERR_AR2
Quarterly Data From 2007:01 To 2017:04
Observations                    44
Sample Mean              -0.879367      Variance                   5.716315
Standard Error            2.390882      SE of Sample Mean          0.360439
t-Statistic (Mean=0)     -2.439710      Signif Level (Mean=0)      0.018898
Skewness                 -1.628955      Signif Level (Sk=0)        0.000020
Kurtosis (excess)         4.451025      Signif Level (Ku=0)        0.000000
Jarque-Bera              55.780268      Signif Level (JB=0)        0.000000


Statistics on Series FCST_ERR2_AR2
Quarterly Data From 2007:01 To 2017:04
Observations                    44
Sample Mean               6.359684      Variance                 278.531752
Standard Error           16.689271      SE of Sample Mean          2.516002
t-Statistic (Mean=0)      2.527694      Signif Level (Mean=0)      0.015237
Skewness                  5.260173      Signif Level (Sk=0)        0.000000
Kurtosis (excess)        30.827977      Signif Level (Ku=0)        0.000000
Jarque-Bera            1945.243381      Signif Level (JB=0)        0.000000


Linear Regression - Estimation by Least Squares
With Heteroscedasticity-Consistent (Eicker-White) Standard Errors
Dependent Variable YGROWTH
Quarterly Data From 1962:01 To 2017:03
Usable Observations                       223
Degrees of Freedom                        222
Centered R^2                       -0.0000000
R-Bar^2                            -0.0000000
Uncentered R^2                      0.4570501
Mean of Dependent Variable       2.9697952429
Std Error of Dependent Variable  3.2441465363
Standard Error of Estimate       3.2441465363
Sum of Squared Residuals         2336.4360583
Log Likelihood                      -578.3602
Durbin-Watson Statistic                1.3215

    Variable                        Coeff      Std Error      T-Stat      Signif
************************************************************************************
1.  Constant                     2.9697952429 0.2167564787     13.70107  0.00000000


Linear Regression - Estimation by Least Squares
With Heteroscedasticity-Consistent (Eicker-White) Standard Errors
Dependent Variable YGROWTH
Quarterly Data From 1962:01 To 2017:03
Usable Observations                       223
Degrees of Freedom                        221
Centered R^2                        0.1174343
R-Bar^2                             0.1134408
Uncentered R^2                      0.5208110
Mean of Dependent Variable       2.9697952429
Std Error of Dependent Variable  3.2441465363
Standard Error of Estimate       3.0545998618
Sum of Squared Residuals         2062.0582498
Log Likelihood                      -564.4314
Durbin-Watson Statistic                2.1282

    Variable                        Coeff      Std Error      T-Stat      Signif
************************************************************************************
1.  Constant                     1.9500623574 0.3223718808      6.04911  0.00000000
2.  YGROWTH{1}                   0.3408366195 0.0730091500      4.66841  0.00000304


Linear Regression - Estimation by Least Squares
With Heteroscedasticity-Consistent (Eicker-White) Standard Errors
Dependent Variable YGROWTH
Quarterly Data From 1962:01 To 2017:03
Usable Observations                       223
Degrees of Freedom                        220
Centered R^2                        0.1453477
R-Bar^2                             0.1375782
Uncentered R^2                      0.5359666
Mean of Dependent Variable       2.9697952429
Std Error of Dependent Variable  3.2441465363
Standard Error of Estimate       3.0127308508
Sum of Squared Residuals         1996.8403795
Log Likelihood                      -560.8480
Durbin-Watson Statistic                2.0052

    Variable                        Coeff      Std Error      T-Stat      Signif
************************************************************************************
1.  Constant                     1.6027511368 0.3691031958      4.34228  0.00001410
2.  YGROWTH{1}                   0.2792349114 0.0763803458      3.65585  0.00025633
3.  YGROWTH{2}                   0.1767336051 0.0767317752      2.30326  0.02126394


Linear Regression - Estimation by Least Squares
With Heteroscedasticity-Consistent (Eicker-White) Standard Errors
Dependent Variable YGROWTH
Quarterly Data From 1962:01 To 2017:03
Usable Observations                       223
Degrees of Freedom                        219
Centered R^2                        0.1453498
R-Bar^2                             0.1336423
Uncentered R^2                      0.5359677
Mean of Dependent Variable       2.9697952429
Std Error of Dependent Variable  3.2441465363
Standard Error of Estimate       3.0195977159
Sum of Squared Residuals         1996.8355102
Log Likelihood                      -560.8477
Durbin-Watson Statistic                2.0048

    Variable                        Coeff      Std Error      T-Stat      Signif
************************************************************************************
1.  Constant                     1.6002458670 0.3744057682      4.27410  0.00001919
2.  YGROWTH{1}                   0.2789503915 0.0764639096      3.64813  0.00026415
3.  YGROWTH{2}                   0.1762843442 0.0853688861      2.06497  0.03892567
4.  YGROWTH{3}                   0.0015509287 0.0790150609      0.01963  0.98433991


Linear Regression - Estimation by Least Squares
With Heteroscedasticity-Consistent (Eicker-White) Standard Errors
Dependent Variable YGROWTH
Quarterly Data From 1962:01 To 2017:03
Usable Observations                       223
Degrees of Freedom                        218
Centered R^2                        0.1486355
R-Bar^2                             0.1330142
Uncentered R^2                      0.5377517
Mean of Dependent Variable       2.9697952429
Std Error of Dependent Variable  3.2441465363
Standard Error of Estimate       3.0206921427
Sum of Squared Residuals         1989.1586626
Log Likelihood                      -560.4182
Durbin-Watson Statistic                1.9906

    Variable                        Coeff      Std Error      T-Stat      Signif
************************************************************************************
1.  Constant                      1.499986689  0.400177570      3.74830  0.00017804
2.  YGROWTH{1}                    0.279066380  0.077457652      3.60283  0.00031478
3.  YGROWTH{2}                    0.165090773  0.089804234      1.83834  0.06601222
4.  YGROWTH{3}                   -0.016045510  0.077421787     -0.20725  0.83581618
5.  YGROWTH{4}                    0.061514831  0.087381080      0.70398  0.48144310


Linear Regression - Estimation by Least Squares
With Heteroscedasticity-Consistent (Eicker-White) Standard Errors
Dependent Variable YGROWTH
Quarterly Data From 1962:01 To 2017:03
Usable Observations                       223
Degrees of Freedom                        217
Centered R^2                        0.1612377
R-Bar^2                             0.1419114
Uncentered R^2                      0.5445941
Mean of Dependent Variable       2.9697952429
Std Error of Dependent Variable  3.2441465363
Standard Error of Estimate       3.0051526459
Sum of Squared Residuals         1959.7145062
Log Likelihood                      -558.7554
Durbin-Watson Statistic                1.9963

    Variable                        Coeff      Std Error      T-Stat      Signif
************************************************************************************
1.  Constant                      1.684902568  0.401401969      4.19754  0.00002698
2.  YGROWTH{1}                    0.284786354  0.076141661      3.74022  0.00018386
3.  YGROWTH{2}                    0.162007300  0.090444586      1.79123  0.07325596
4.  YGROWTH{3}                    0.002702238  0.079455076      0.03401  0.97286947
5.  YGROWTH{4}                    0.096558505  0.090073980      1.07199  0.28372403
6.  YGROWTH{5}                   -0.118504418  0.068465331     -1.73087  0.08347539


Linear Regression - Estimation by Least Squares
With Heteroscedasticity-Consistent (Eicker-White) Standard Errors
Dependent Variable YGROWTH
Quarterly Data From 1962:01 To 2017:03
Usable Observations                       223
Degrees of Freedom                        216
Centered R^2                        0.1620862
R-Bar^2                             0.1388108
Uncentered R^2                      0.5450547
Mean of Dependent Variable       2.9697952429
Std Error of Dependent Variable  3.2441465363
Standard Error of Estimate       3.0105770693
Sum of Squared Residuals         1957.7320466
Log Likelihood                      -558.6426
Durbin-Watson Statistic                2.0015

    Variable                        Coeff      Std Error      T-Stat      Signif
************************************************************************************
1.  Constant                      1.630601700  0.424660451      3.83978  0.00012315
2.  YGROWTH{1}                    0.288608063  0.075792268      3.80788  0.00014016
3.  YGROWTH{2}                    0.159411640  0.089041543      1.79031  0.07340468
4.  YGROWTH{3}                    0.002829707  0.079145288      0.03575  0.97147905
5.  YGROWTH{4}                    0.091723677  0.092823304      0.98815  0.32307746
6.  YGROWTH{5}                   -0.127804695  0.073297122     -1.74365  0.08121974
7.  YGROWTH{6}                    0.030976977  0.076229054      0.40637  0.68447292

p SSR(p)/T ln(SSR(p)/T) (p+1)ln(T)/T BIC(p) AIC(p)  R**2
0   10.477        2.349        0.024  2.373  2.358 -0.000
1    9.247        2.224        0.048  2.273  2.242  0.117
2    8.954        2.192        0.073  2.265  2.219  0.145
3    8.954        2.192        0.097  2.289  2.228  0.145
4    8.920        2.188        0.121  2.310  2.233  0.149
5    8.788        2.173        0.145  2.319  2.227  0.161
6    8.779        2.172        0.170  2.342  2.235  0.162


Linear Regression - Estimation by Least Squares
With Heteroscedasticity-Consistent (Eicker-White) Standard Errors
Dependent Variable YGROWTH
Quarterly Data From 1962:01 To 2017:03
Usable Observations                       223
Degrees of Freedom                        222
Centered R^2                       -0.0000000
R-Bar^2                            -0.0000000
Uncentered R^2                      0.4570501
Mean of Dependent Variable       2.9697952429
Std Error of Dependent Variable  3.2441465363
Standard Error of Estimate       3.2441465363
Sum of Squared Residuals         2336.4360583
Log Likelihood                      -578.3602
Durbin-Watson Statistic                1.3215

    Variable                        Coeff      Std Error      T-Stat      Signif
************************************************************************************
1.  Constant                     2.9697952429 0.2167564787     13.70107  0.00000000


Linear Regression - Estimation by Least Squares
With Heteroscedasticity-Consistent (Eicker-White) Standard Errors
Dependent Variable YGROWTH
Quarterly Data From 1962:01 To 2017:03
Usable Observations                       223
Degrees of Freedom                        220
Centered R^2                        0.1377281
R-Bar^2                             0.1298893
Uncentered R^2                      0.5318295
Mean of Dependent Variable       2.9697952429
Std Error of Dependent Variable  3.2441465363
Standard Error of Estimate       3.0261309716
Sum of Squared Residuals         2014.6431046
Log Likelihood                      -561.8376
Durbin-Watson Statistic                2.1548

    Variable                        Coeff      Std Error      T-Stat      Signif
************************************************************************************
1.  Constant                     1.3710230832 0.4450004594      3.08095  0.00206343
2.  YGROWTH{1}                   0.3347939646 0.0747538949      4.47862  0.00000751
3.  RSPREAD{1}                   0.3834660724 0.1832981573      2.09203  0.03643543


Linear Regression - Estimation by Least Squares
With Heteroscedasticity-Consistent (Eicker-White) Standard Errors
Dependent Variable YGROWTH
Quarterly Data From 1962:01 To 2017:03
Usable Observations                       223
Degrees of Freedom                        218
Centered R^2                        0.1796140
R-Bar^2                             0.1645611
Uncentered R^2                      0.5545715
Mean of Dependent Variable       2.9697952429
Std Error of Dependent Variable  3.2441465363
Standard Error of Estimate       2.9652261479
Sum of Squared Residuals         1916.7794115
Log Likelihood                      -556.2854
Durbin-Watson Statistic                1.9913

    Variable                        Coeff      Std Error      T-Stat      Signif
************************************************************************************
1.  Constant                      0.943747185  0.456779207      2.06609  0.03881993
2.  YGROWTH{1}                    0.245801239  0.075134697      3.27147  0.00106988
3.  YGROWTH{2}                    0.175741767  0.075070496      2.34102  0.01923098
4.  RSPREAD{1}                   -0.128684428  0.415056016     -0.31004  0.75652969
5.  RSPREAD{2}                    0.617507725  0.422871986      1.46027  0.14421559


Linear Regression - Estimation by Least Squares
With Heteroscedasticity-Consistent (Eicker-White) Standard Errors
Dependent Variable YGROWTH
Quarterly Data From 1962:01 To 2017:03
Usable Observations                       223
Degrees of Freedom                        216
Centered R^2                        0.1884942
R-Bar^2                             0.1659524
Uncentered R^2                      0.5593930
Mean of Dependent Variable       2.9697952429
Std Error of Dependent Variable  3.2441465363
Standard Error of Estimate       2.9627559594
Sum of Squared Residuals         1896.0313410
Log Likelihood                      -555.0719
Durbin-Watson Statistic                2.0004

    Variable                        Coeff      Std Error      T-Stat      Signif
************************************************************************************
1.  Constant                      0.915481133  0.454482327      2.01434  0.04397403
2.  YGROWTH{1}                    0.250732617  0.073849408      3.39519  0.00068582
3.  YGROWTH{2}                    0.186129635  0.078097757      2.38329  0.01715865
4.  YGROWTH{3}                    0.029745677  0.074956560      0.39684  0.69148628
5.  RSPREAD{1}                   -0.204044612  0.405629007     -0.50303  0.61494135
6.  RSPREAD{2}                    1.206149185  0.577672959      2.08794  0.03680282
7.  RSPREAD{3}                   -0.583277157  0.450807623     -1.29385  0.19571746


Linear Regression - Estimation by Least Squares
With Heteroscedasticity-Consistent (Eicker-White) Standard Errors
Dependent Variable YGROWTH
Quarterly Data From 1962:01 To 2017:03
Usable Observations                       223
Degrees of Freedom                        214
Centered R^2                        0.1988915
R-Bar^2                             0.1689435
Uncentered R^2                      0.5650382
Mean of Dependent Variable       2.9697952429
Std Error of Dependent Variable  3.2441465363
Standard Error of Estimate       2.9574385406
Sum of Squared Residuals         1871.7387423
Log Likelihood                      -553.6341
Durbin-Watson Statistic                1.9805

    Variable                        Coeff      Std Error      T-Stat      Signif
************************************************************************************
1.  Constant                      0.682960350  0.488670856      1.39759  0.16223693
2.  YGROWTH{1}                    0.252995393  0.076449068      3.30933  0.00093519
3.  YGROWTH{2}                    0.163307511  0.083484935      1.95613  0.05044967
4.  YGROWTH{3}                   -0.005042887  0.068145730     -0.07400  0.94100918
5.  YGROWTH{4}                    0.098397610  0.077273970      1.27336  0.20289020
6.  RSPREAD{1}                   -0.227941362  0.430688859     -0.52925  0.59663319
7.  RSPREAD{2}                    1.350624124  0.605189005      2.23174  0.02563219
8.  RSPREAD{3}                   -0.892027934  0.681708288     -1.30852  0.19069749
9.  RSPREAD{4}                    0.253016458  0.460476250      0.54947  0.58268507


Linear Regression - Estimation by Least Squares
With Heteroscedasticity-Consistent (Eicker-White) Standard Errors
Dependent Variable YGROWTH
Quarterly Data From 1962:01 To 2017:03
Usable Observations                       223
Degrees of Freedom                        212
Centered R^2                        0.2100333
R-Bar^2                             0.1727707
Uncentered R^2                      0.5710876
Mean of Dependent Variable       2.9697952429
Std Error of Dependent Variable  3.2441465363
Standard Error of Estimate       2.9506209509
Sum of Squared Residuals         1845.7067671
Log Likelihood                      -552.0725
Durbin-Watson Statistic                1.9998

    Variable                        Coeff      Std Error      T-Stat      Signif
************************************************************************************
1.  Constant                      0.927838044  0.521958553      1.77761  0.07546815
2.  YGROWTH{1}                    0.263290135  0.075416457      3.49115  0.00048095
3.  YGROWTH{2}                    0.154100755  0.081424294      1.89256  0.05841576
4.  YGROWTH{3}                    0.013353736  0.068744036      0.19425  0.84597778
5.  YGROWTH{4}                    0.135341351  0.076595907      1.76695  0.07723614
6.  YGROWTH{5}                   -0.093844093  0.068888405     -1.36226  0.17311505
7.  RSPREAD{1}                   -0.309215277  0.433289968     -0.71365  0.47544664
8.  RSPREAD{2}                    1.470054963  0.621093232      2.36688  0.01793861
9.  RSPREAD{3}                   -1.095622452  0.665925217     -1.64526  0.09991548
10. RSPREAD{4}                    0.674918130  0.627879642      1.07492  0.28241215
11. RSPREAD{5}                   -0.342315859  0.415272371     -0.82432  0.40975976


Linear Regression - Estimation by Least Squares
With Heteroscedasticity-Consistent (Eicker-White) Standard Errors
Dependent Variable YGROWTH
Quarterly Data From 1962:01 To 2017:03
Usable Observations                       223
Degrees of Freedom                        210
Centered R^2                        0.2140187
R-Bar^2                             0.1691055
Uncentered R^2                      0.5732515
Mean of Dependent Variable       2.9697952429
Std Error of Dependent Variable  3.2441465363
Standard Error of Estimate       2.9571502909
Sum of Squared Residuals         1836.3949471
Log Likelihood                      -551.5085
Durbin-Watson Statistic                2.0086

    Variable                        Coeff      Std Error      T-Stat      Signif
************************************************************************************
1.  Constant                      0.774271861  0.572069565      1.35346  0.17590951
2.  YGROWTH{1}                    0.268199277  0.074484550      3.60074  0.00031732
3.  YGROWTH{2}                    0.152213582  0.079507600      1.91445  0.05556227
4.  YGROWTH{3}                    0.011275802  0.068419913      0.16480  0.86909910
5.  YGROWTH{4}                    0.132334897  0.076274387      1.73498  0.08274351
6.  YGROWTH{5}                   -0.099774595  0.071301942     -1.39933  0.16171552
7.  YGROWTH{6}                    0.058587025  0.069065704      0.84828  0.39628230
8.  RSPREAD{1}                   -0.205260530  0.403729883     -0.50841  0.61116546
9.  RSPREAD{2}                    1.340408799  0.613550089      2.18468  0.02891253
10. RSPREAD{3}                   -1.005534439  0.696891542     -1.44289  0.14905283
11. RSPREAD{4}                    0.605246991  0.655941254      0.92272  0.35615562
12. RSPREAD{5}                   -0.073720266  0.632432041     -0.11657  0.90720374
13. RSPREAD{6}                   -0.261956881  0.418170674     -0.62644  0.53102945

p SSR(p)/T ln(SSR(p)/T) (p+1)ln(T)/T BIC(p) AIC(p)  R**2
0   10.477        2.349        0.024  2.373  2.358 -0.000
1    9.034        2.201        0.073  2.274  2.228  0.138
2    8.595        2.151        0.121  2.272  2.196  0.180
3    8.502        2.140        0.170  2.310  2.203  0.188
4    8.393        2.127        0.218  2.346  2.208  0.199
5    8.277        2.113        0.267  2.380  2.212  0.210
6    8.235        2.108        0.315  2.424  2.225  0.214


Linear Regression - Estimation by Least Squares
Dependent Variable UNRATE
Quarterly Data From 1962:01 To 1985:04
Usable Observations                        96
Degrees of Freedom                         94
Centered R^2                        0.3517395
R-Bar^2                             0.3448432
Uncentered R^2                      0.9501875
Mean of Dependent Variable       6.1055555556
Std Error of Dependent Variable  1.7707411913
Standard Error of Estimate       1.4332690827
Sum of Squared Residuals         193.10046477
Regression F(1,94)                    51.0034
Significance Level of F             0.0000000
Log Likelihood                      -169.7635
Durbin-Watson Statistic                0.0805

    Variable                        Coeff      Std Error      T-Stat      Signif
************************************************************************************
1.  Constant                     -2.374516311  1.196384157     -1.98474  0.05008818
2.  LN_JAP_IP                     2.220574765  0.310932161      7.14167  0.00000000


Linear Regression - Estimation by Least Squares
Dependent Variable UNRATE
Quarterly Data From 1986:01 To 2017:04
Usable Observations                       128
Degrees of Freedom                        126
Centered R^2                        0.1490772
R-Bar^2                             0.1423238
Uncentered R^2                      0.9518522
Mean of Dependent Variable       5.9875000000
Std Error of Dependent Variable  1.4721087297
Standard Error of Estimate       1.3633318067
Sum of Squared Residuals         234.19287550
Regression F(1,126)                   22.0745
Significance Level of F             0.0000068
Log Likelihood                      -220.2875
Durbin-Watson Statistic                0.0405

    Variable                        Coeff      Std Error      T-Stat      Signif
************************************************************************************
1.  Constant                      42.37097066   7.74481352      5.47088  0.00000023
2.  LN_JAP_IP                     -7.92346223   1.68643365     -4.69835  0.00000676


Linear Regression - Estimation by Least Squares
Dependent Variable DY
Quarterly Data From 1962:01 To 2017:03
Usable Observations                       223
Degrees of Freedom                        218
Centered R^2                        0.1741643
R-Bar^2                             0.1590113
Uncentered R^2                      0.5516125
Mean of Dependent Variable       0.0074244881
Std Error of Dependent Variable  0.0081103663
Standard Error of Estimate       0.0074376467
Sum of Squared Residuals         0.0120594523
Regression F(4,218)                   11.4938
Significance Level of F             0.0000000
Log Likelihood                       779.0729
Durbin-Watson Statistic                1.9987

    Variable                        Coeff      Std Error      T-Stat      Signif
************************************************************************************
1.  Constant                      0.161886969  0.079564356      2.03467  0.04309501
2.  TREND                         0.000127221  0.000073595      1.72866  0.08528569
3.  Y{1}                         -0.019306733  0.009878802     -1.95436  0.05193735
4.  DY{1}                         0.261044769  0.066219716      3.94210  0.00010883
5.  DY{2}                         0.164941780  0.066390474      2.48442  0.01372898


Extreme Values of Series FSTAT
Quarterly Data From 1960:01 To 2017:04
Minimum Value is 1.84638027044 at 1970:04  Entry 56
Maximum Value is 6.47456237664 at 1980:04  Entry 96



qlr                                6.47456


 ENTRY         FSTAT
 1960:01        NA
 1960:02        NA
 1960:03        NA
 1960:04        NA
 1961:01        NA
 1961:02        NA
 1961:03        NA
 1961:04        NA
 1962:01        NA
 1962:02        NA
 1962:03        NA
 1962:04        NA
 1963:01        NA
 1963:02        NA
 1963:03        NA
 1963:04        NA
 1964:01        NA
 1964:02        NA
 1964:03        NA
 1964:04        NA
 1965:01        NA
 1965:02        NA
 1965:03        NA
 1965:04        NA
 1966:01        NA
 1966:02        NA
 1966:03        NA
 1966:04        NA
 1967:01        NA
 1967:02        NA
 1967:03        NA
 1967:04        NA
 1968:01        NA
 1968:02        NA
 1968:03        NA
 1968:04        NA
 1969:01        NA
 1969:02        NA
 1969:03        NA
 1969:04        NA
 1970:01        NA
 1970:02        NA
 1970:03   5.345441711913
 1970:04   1.846380270436
 1971:01   2.590538219187
 1971:02   2.109996762164
 1971:03   2.012757658856
 1971:04   2.007134396620
 1972:01   2.360091120105
 1972:02   3.438829489989
 1972:03   3.290559880185
 1972:04   3.322852049294
 1973:01   3.501201124445
 1973:02   3.477306701185
 1973:03   3.485498807358
 1973:04   3.170062004633
 1974:01   2.657850879673
 1974:02   2.695060463965
 1974:03   2.540540966237
 1974:04   2.433316910641
 1975:01   2.067387064171
 1975:02   2.679030027160
 1975:03   3.892488474697
 1975:04   4.020376538688
 1976:01   5.204023695333
 1976:02   3.721934496962
 1976:03   3.070239426388
 1976:04   2.989447190578
 1977:01   3.177096109573
 1977:02   3.868168467203
 1977:03   4.213382090800
 1977:04   3.890636337067
 1978:01   3.774699447736
 1978:02   4.520519996357
 1978:03   4.291545294790
 1978:04   4.291463780136
 1979:01   4.493789217533
 1979:02   4.591636401176
 1979:03   4.635573700043
 1979:04   4.660372342917
 1980:01   4.688108307349
 1980:02   4.935384663640
 1980:03   4.977525319740
 1980:04   6.474562376643
 1981:01   3.946750913180
 1981:02   4.295146689843
 1981:03   4.132119376653
 1981:04   3.944156182649
 1982:01   2.821810526520
 1982:02   3.083688281980
 1982:03   2.894461372561
 1982:04   2.786805851344
 1983:01   3.385126306363
 1983:02   4.198680354012
 1983:03   4.632635808106
 1983:04   5.010614255148
 1984:01   5.474955429680
 1984:02   5.846610515211
 1984:03   5.546479318645
 1984:04   4.905579653900
 1985:01   5.023101983277
 1985:02   5.019596806850
 1985:03   5.697528464328
 1985:04   5.161427153244
 1986:01   5.013555960436
 1986:02   4.659068628274
 1986:03   4.786381572719
 1986:04   4.733652292209
 1987:01   4.736362690162
 1987:02   4.946627133281
 1987:03   5.010412235995
 1987:04   5.615385874649
 1988:01   5.129716582244
 1988:02   5.496814225178
 1988:03   5.190384101271
 1988:04   5.591765752537
 1989:01   5.683508877047
 1989:02   5.649163649778
 1989:03   5.653825036727
 1989:04   5.658635753190
 1990:01   5.628068240862
 1990:02   5.645146228870
 1990:03   5.619073705491
 1990:04   5.467449927732
 1991:01   5.316181497322
 1991:02   5.450420035407
 1991:03   5.448257867079
 1991:04   5.190500811988
 1992:01   5.590248705515
 1992:02   5.837567466048
 1992:03   5.755476984904
 1992:04   5.707505187732
 1993:01   4.612016234309
 1993:02   4.291144151549
 1993:03   4.023208982591
 1993:04   4.614682146715
 1994:01   4.689294375445
 1994:02   4.997949243117
 1994:03   4.650220971139
 1994:04   4.888514996528
 1995:01   4.367631583670
 1995:02   3.982715240437
 1995:03   4.124195713247
 1995:04   4.137551488612
 1996:01   4.131832478722
 1996:02   4.097913330250
 1996:03   4.101992880635
 1996:04   4.133511682794
 1997:01   4.092530466326
 1997:02   4.315145326178
 1997:03   4.457975699909
 1997:04   4.332834432468
 1998:01   4.389147926461
 1998:02   4.439502435681
 1998:03   4.495184050347
 1998:04   4.724260505711
 1999:01   4.701435657403
 1999:02   4.705967737481
 1999:03   4.793915587554
 1999:04   5.250330355184
 2000:01   4.911116396962
 2000:02   5.695886614061
 2000:03   5.298375665783
 2000:04   5.234071719681
 2001:01   5.060062682814
 2001:02   5.077191479384
 2001:03   5.051560198819
 2001:04   4.995422542794
 2002:01   5.243869913923
 2002:02   5.056315882377
 2002:03   4.639294325832
 2002:04   3.881621815067
 2003:01   3.823556433268
 2003:02   4.064926964673
 2003:03   4.952296883900
 2003:04   5.099172985237
 2004:01   4.482292033141
 2004:02   4.236327603113
 2004:03   4.338897651669
 2004:04   4.194964752036
 2005:01   4.331771602523
 2005:02   4.052321504753
 2005:03   4.107270206372
 2005:04   4.054446766031
 2006:01   4.438934240056
 2006:02   4.229985078206
 2006:03   4.089627216273
 2006:04   4.359184818448
 2007:01   4.210402428145
 2007:02   4.484138625074
 2007:03   4.889259820569
 2007:04   4.781768767081
 2008:01   4.142988355555
 2008:02   4.396135809349
 2008:03   3.899554520201
 2008:04   2.611796245793
 2009:01   2.119576164859
 2009:02        NA
 2009:03        NA
 2009:04        NA
 2010:01        NA
 2010:02        NA
 2010:03        NA
 2010:04        NA
 2011:01        NA
 2011:02        NA
 2011:03        NA
 2011:04        NA
 2012:01        NA
 2012:02        NA
 2012:03        NA
 2012:04        NA
 2013:01        NA
 2013:02        NA
 2013:03        NA
 2013:04        NA
 2014:01        NA
 2014:02        NA
 2014:03        NA
 2014:04        NA
 2015:01        NA
 2015:02        NA
 2015:03        NA
 2015:04        NA
 2016:01        NA
 2016:02        NA
 2016:03        NA
 2016:04        NA
 2017:01        NA
 2017:02        NA
 2017:03        NA



Statistics on Series FCST_ERR
Quarterly Data From 2003:01 To 2017:04
Observations                    60
Sample Mean              -0.574923      Variance                   4.976576
Standard Error            2.230824      SE of Sample Mean          0.287998
t-Statistic (Mean=0)     -1.996272      Signif Level (Mean=0)      0.050526
Skewness                 -1.567882      Signif Level (Sk=0)        0.000001
Kurtosis (excess)         5.417344      Signif Level (Ku=0)        0.000000
Jarque-Bera              97.951588      Signif Level (JB=0)        0.000000


Statistics on Series FCST_ERR
Quarterly Data From 2003:01 To 2007:04
Observations                    20
Sample Mean              -0.114097      Variance                   2.552475
Standard Error            1.597647      SE of Sample Mean          0.357245
t-Statistic (Mean=0)     -0.319381      Signif Level (Mean=0)      0.752923
Skewness                  0.255020      Signif Level (Sk=0)        0.666815
Kurtosis (excess)        -0.943984      Signif Level (Ku=0)        0.473422
Jarque-Bera               0.959372      Signif Level (JB=0)        0.618978


Statistics on Series FCST_ERR
Quarterly Data From 2008:01 To 2017:04
Observations                    40
Sample Mean              -0.805335      Variance                   6.121799
Standard Error            2.474227      SE of Sample Mean          0.391210
t-Statistic (Mean=0)     -2.058578      Signif Level (Mean=0)      0.046259
Skewness                 -1.628711      Signif Level (Sk=0)        0.000052
Kurtosis (excess)         4.792213      Signif Level (Ku=0)        0.000000
Jarque-Bera              55.960175      Signif Level (JB=0)        0.000000


Statistics on Series FCST_ERR
Quarterly Data From 2008:01 To 2008:04
Observations                     4
Sample Mean              -4.015130      Variance                  25.281726
Standard Error            5.028094      SE of Sample Mean          2.514047
t-Statistic (Mean=0)     -1.597078      Signif Level (Mean=0)      0.208531
Skewness                 -0.480802      Signif Level (Sk=0)        0.810020
Kurtosis (excess)         1.241009      Signif Level (Ku=0)        0.889648
Jarque-Bera               0.410797      Signif Level (JB=0)        0.814323


Statistics on Series FCST_ERR2
Quarterly Data From 2003:01 To 2017:04
Observations                    60
Sample Mean               5.224169      Variance                 212.777212
Standard Error           14.586885      SE of Sample Mean          1.883159
t-Statistic (Mean=0)      2.774152      Signif Level (Mean=0)      0.007399
Skewness                  6.667351      Signif Level (Sk=0)        0.000000
Kurtosis (excess)        48.183527      Signif Level (Ku=0)        0.000000
Jarque-Bera            6248.666398      Signif Level (JB=0)        0.000000


Statistics on Series FCST_ERR2
Quarterly Data From 2003:01 To 2007:04
Observations                    20
Sample Mean               2.437870      Variance                   5.835260
Standard Error            2.415628      SE of Sample Mean          0.540151
t-Statistic (Mean=0)      4.513312      Signif Level (Mean=0)      0.000238
Skewness                  1.416846      Signif Level (Sk=0)        0.016761
Kurtosis (excess)         1.893918      Signif Level (Ku=0)        0.150331
Jarque-Bera               9.680608      Signif Level (JB=0)        0.007905


Statistics on Series FCST_ERR2
Quarterly Data From 2008:01 To 2017:04
Observations                    40
Sample Mean               6.617319      Variance                 313.079016
Standard Error           17.694039      SE of Sample Mean          2.797673
t-Statistic (Mean=0)      2.365294      Signif Level (Mean=0)      0.023084
Skewness                  5.506228      Signif Level (Sk=0)        0.000000
Kurtosis (excess)        32.587467      Signif Level (Ku=0)        0.000000
Jarque-Bera            1972.028617      Signif Level (JB=0)        0.000000


Statistics on Series FCST_ERR2
Quarterly Data From 2008:01 To 2008:04
Observations                     4
Sample Mean              35.082562      Variance                2583.915417
Standard Error           50.832228      SE of Sample Mean         25.416114
t-Statistic (Mean=0)      1.380328      Signif Level (Mean=0)      0.261357
Skewness                  1.901936      Signif Level (Sk=0)        0.341621
Kurtosis (excess)         3.656141      Signif Level (Ku=0)        0.682709
Jarque-Bera               4.639469      Signif Level (JB=0)        0.098300



 ENTRY        YGROWTH          FCST          FCST_ERR
 2003:01    2.06663347476  2.665152959451  -0.59851948469
 2003:02    3.69460086806  2.607251592631   1.08734927543
 2003:03    6.64362418238  3.689061615488   2.95456256689
 2003:04    4.64977127119  3.760534911453   0.88923635974
 2004:01    2.29367489313  5.079983226956  -2.78630833382
 2004:02    2.92137324658  4.393518195032  -1.47214494845
 2004:03    3.61931977076  3.202822144514   0.41649762625
 2004:04    3.44257903058  4.756012265165  -1.31343323458
 2005:01    4.24126265835  4.397977594960  -0.15671493661
 2005:02    2.08304328281  3.968435235119  -1.88539195230
 2005:03    3.34628453427  3.493338808069  -0.14705427380
 2005:04    2.27959296484  3.045037242169  -0.76544427733
 2006:01    4.77692109291  2.616611934639   2.16030915827
 2006:02    1.19347813929  3.121492394133  -1.92801425484
 2006:03    0.35757477199  2.026700363026  -1.66912559104
 2006:04    3.11867073848  1.625626242937   1.49304449555
 2007:01    0.24704045407  1.772524091854  -1.52548363778
 2007:02    3.04802953228  1.371228994388   1.67680053790
 2007:03    2.68134290628  0.961959071238   1.71938383504
 2007:04    1.42510148403  1.856591248453  -0.43148976442
 2008:01   -2.73976369458  1.572401072331  -4.31216476691
 2008:02    1.98057491871  0.325916619783   1.65465829892
 2008:03   -1.92166505925  0.960337732119  -2.88200279137
 2008:04   -8.54250721894  1.978502584586 -10.52100980353
 2009:01   -5.58083048659 -1.469212667174  -4.11161781942
 2009:02   -0.54186182625 -1.531658936670   0.98979711042
 2009:03    1.30520855490 -0.361464794021   1.66667334892
 2009:04    3.85360026387  2.042109002300   1.81149126157
 2010:01    1.72764665669  3.514017537619  -1.78637088093
 2010:02    3.84559718902  3.214092363818   0.63150482520
 2010:03    2.69065757059  3.961918522021  -1.27126095143
 2010:04    2.51254004820  4.310603720370  -1.79806367217
 2011:01   -1.54794064818  2.927871969441  -4.47581261762
 2011:02    2.89926673504  1.179835207902   1.71943152714
 2011:03    0.84220647865  2.672278318276  -1.83007183963
 2011:04    4.47798496562  3.418040216004   1.05994474962
 2012:01    2.64504204986  3.377419879110  -0.73237782925
 2012:02    1.86289318868  3.205250732670  -1.34235754399
 2012:03    0.47846657537  2.692113758609  -2.21364718324
 2012:04    0.08976417958  1.966479808243  -1.87671562866
 2013:01    2.78854711145  1.198710536992   1.58983657445
 2013:02    0.76562966076  1.819607484114  -1.05397782335
 2013:03    3.07487708907  2.045526090730   1.02935099834
 2013:04    3.88336356321  1.745011040182   2.13835252303
 2014:01   -0.92187105900  3.452588396072  -4.37445945508
 2014:02    4.49953385277  2.169845799823   2.32968805295
 2014:03    5.08030781932  2.834040976803   2.24626684252
 2014:04    1.99529859819  4.155379852382  -2.16008125419
 2015:01    3.18693083167  3.408013406695  -0.22108257502
 2015:02    2.70445641272  3.096806419196  -0.39235000648
 2015:03    1.61748826191  2.623534614213  -1.00604635230
 2015:04    0.48452009519  2.445575873523  -1.96105577834
 2016:01    0.57861325063  2.022889267243  -1.44427601661
 2016:02    2.21316054376  2.024537437743   0.18862310602
 2016:03    2.74226662828  2.080802777582   0.66146385070
 2016:04    1.74304031369  2.600268613699  -0.85722830001
 2017:01    1.22815731423  1.750358712376  -0.52220139815
 2017:02    3.01395368520  1.812521294187   1.20143239101
 2017:03    3.10711506016  2.835302362691   0.27181269747
 2017:04    2.50457932482  2.762091461128  -0.25751213631




 ENTRY        YGROWTH          FCST
 2003:01    2.06663347476  2.665152959451
 2003:02    3.69460086806  2.607251592631
 2003:03    6.64362418238  3.689061615488
 2003:04    4.64977127119  3.760534911453
 2004:01    2.29367489313  5.079983226956
 2004:02    2.92137324658  4.393518195032
 2004:03    3.61931977076  3.202822144514
 2004:04    3.44257903058  4.756012265165
 2005:01    4.24126265835  4.397977594960
 2005:02    2.08304328281  3.968435235119
 2005:03    3.34628453427  3.493338808069
 2005:04    2.27959296484  3.045037242169
 2006:01    4.77692109291  2.616611934639
 2006:02    1.19347813929  3.121492394133
 2006:03    0.35757477199  2.026700363026
 2006:04    3.11867073848  1.625626242937
 2007:01    0.24704045407  1.772524091854
 2007:02    3.04802953228  1.371228994388
 2007:03    2.68134290628  0.961959071238
 2007:04    1.42510148403  1.856591248453
 2008:01   -2.73976369458  1.572401072331
 2008:02    1.98057491871  0.325916619783
 2008:03   -1.92166505925  0.960337732119
 2008:04   -8.54250721894  1.978502584586
 2009:01   -5.58083048659 -1.469212667174
 2009:02   -0.54186182625 -1.531658936670
 2009:03    1.30520855490 -0.361464794021
 2009:04    3.85360026387  2.042109002300
 2010:01    1.72764665669  3.514017537619
 2010:02    3.84559718902  3.214092363818
 2010:03    2.69065757059  3.961918522021
 2010:04    2.51254004820  4.310603720370
 2011:01   -1.54794064818  2.927871969441
 2011:02    2.89926673504  1.179835207902
 2011:03    0.84220647865  2.672278318276
 2011:04    4.47798496562  3.418040216004
 2012:01    2.64504204986  3.377419879110
 2012:02    1.86289318868  3.205250732670
 2012:03    0.47846657537  2.692113758609
 2012:04    0.08976417958  1.966479808243
 2013:01    2.78854711145  1.198710536992
 2013:02    0.76562966076  1.819607484114
 2013:03    3.07487708907  2.045526090730
 2013:04    3.88336356321  1.745011040182
 2014:01   -0.92187105900  3.452588396072
 2014:02    4.49953385277  2.169845799823
 2014:03    5.08030781932  2.834040976803
 2014:04    1.99529859819  4.155379852382
 2015:01    3.18693083167  3.408013406695
 2015:02    2.70445641272  3.096806419196
 2015:03    1.61748826191  2.623534614213
 2015:04    0.48452009519  2.445575873523
 2016:01    0.57861325063  2.022889267243
 2016:02    2.21316054376  2.024537437743
 2016:03    2.74226662828  2.080802777582
 2016:04    1.74304031369  2.600268613699
 2017:01    1.22815731423  1.750358712376
 2017:02    3.01395368520  1.812521294187
 2017:03    3.10711506016  2.835302362691
 2017:04    2.50457932482  2.762091461128



Linear Regression - Estimation by Least Squares
With Heteroscedasticity-Consistent (Eicker-White) Standard Errors
Dependent Variable YGROWTH
Quarterly Data From 1981:01 To 2002:04
Usable Observations                        88
Degrees of Freedom                         83
Centered R^2                        0.3085376
R-Bar^2                             0.2752141
Uncentered R^2                      0.6947796
Mean of Dependent Variable       3.1372418423
Std Error of Dependent Variable  2.8048312202
Standard Error of Estimate       2.3878749930
Sum of Squared Residuals         473.26159954
Log Likelihood                      -198.8883
Durbin-Watson Statistic                1.8975

    Variable                        Coeff      Std Error      T-Stat      Signif
************************************************************************************
1.  Constant                      0.774344001  0.634237769      1.22090  0.22212203
2.  YGROWTH{1}                    0.196631881  0.119010049      1.65223  0.09848783
3.  YGROWTH{2}                    0.236598699  0.104849876      2.25655  0.02403638
4.  RSPREAD{1}                   -0.934929718  0.420127667     -2.22535  0.02605797
5.  RSPREAD{2}                    1.483001934  0.467754411      3.17047  0.00152192

